#
# A fatal error has been detected by the Java Runtime Environment:
#
#  EXCEPTION_ACCESS_VIOLATION (0xc0000005) at pc=0x000000006fb68e7a, pid=9924, tid=8872
#
# JRE version: Java(TM) SE Runtime Environment (15.0.1+9) (build 15.0.1+9-18)
# Java VM: Java HotSpot(TM) 64-Bit Server VM (15.0.1+9-18, mixed mode, sharing, tiered, compressed oops, g1 gc, windows-amd64)
# Problematic frame:
# C  [gdx-bullet64.dll+0x68e7a]
#
# No core dump will be written. Minidumps are not enabled by default on client versions of Windows
#
# If you would like to submit a bug report, please visit:
#   https://bugreport.java.com/bugreport/crash.jsp
# The crash happened outside the Java Virtual Machine in native code.
# See problematic frame for where to report the bug.
#

---------------  S U M M A R Y ------------

Command Line: -Dfile.encoding=windows-1250 -Duser.country=PL -Duser.language=pl -Duser.variant com.mygdx.game.desktop.DesktopLauncher

Host: Intel(R) Core(TM) i5-6300HQ CPU @ 2.30GHz, 4 cores, 7G,  Windows 10 , 64 bit Build 19041 (10.0.19041.2364)
Time: Thu Dec 15 22:27:40 2022 Œrodkowoeuropejski czas stand. elapsed time: 1.664450 seconds (0d 0h 0m 1s)

---------------  T H R E A D  ---------------

Current thread (0x00000199811ac080):  JavaThread "LWJGL Application" [_thread_in_native, id=8872, stack(0x0000006a07100000,0x0000006a07200000)]

Stack: [0x0000006a07100000,0x0000006a07200000],  sp=0x0000006a071fe560,  free space=1017k
Native frames: (J=compiled Java code, j=interpreted, Vv=VM code, C=native code)
C  [gdx-bullet64.dll+0x68e7a]

Java frames: (J=compiled Java code, j=interpreted, Vv=VM code)
j  com.badlogic.gdx.physics.bullet.collision.CollisionJNI.new_btBvhTriangleMeshShape__SWIG_1(ZJLcom/badlogic/gdx/physics/bullet/collision/btStridingMeshInterface;Z)J+0
j  com.badlogic.gdx.physics.bullet.collision.btBvhTriangleMeshShape.<init>(ZLcom/badlogic/gdx/physics/bullet/collision/btStridingMeshInterface;Z)V+8
j  com.badlogic.gdx.physics.bullet.collision.btBvhTriangleMeshShape.<init>(ILcom/badlogic/gdx/physics/bullet/collision/btStridingMeshInterface;Z)V+4
j  com.badlogic.gdx.physics.bullet.collision.btBvhTriangleMeshShape.<init>(Lcom/badlogic/gdx/utils/Array;Z)V+7
j  com.badlogic.gdx.physics.bullet.collision.btBvhTriangleMeshShape.<init>(Lcom/badlogic/gdx/utils/Array;)V+3
j  com.mygdx.game.world.objects.Ground.createPhisics(Lcom/badlogic/gdx/physics/bullet/dynamics/btDynamicsWorld;)V+14
j  com.mygdx.game.world.objects.Ground.<init>(Lcom/badlogic/gdx/physics/bullet/dynamics/btDynamicsWorld;)V+10
j  com.mygdx.game.world.World.createStaff()V+12
j  com.mygdx.game.world.World.<init>()V+72
j  com.mygdx.game.screens.GameScreen.show()V+5
j  com.badlogic.gdx.Game.setScreen(Lcom/badlogic/gdx/Screen;)V+32
j  com.mygdx.game.Start.create()V+9
j  com.badlogic.gdx.backends.lwjgl.LwjglApplication.mainLoop()V+29
j  com.badlogic.gdx.backends.lwjgl.LwjglApplication$1.run()V+27
v  ~StubRoutines::call_stub

siginfo: EXCEPTION_ACCESS_VIOLATION (0xc0000005), reading address 0x0000019981bdf000


Register to memory mapping:

RIP=0x000000006fb68e7a gdx-bullet64.dll
RAX=0x0000019981bdeffe points into unknown readable memory: 00 00
RBX=0x0000006a071fe770 is pointing into the stack for thread: 0x00000199811ac080
RCX=0x000001998a28a040 points into unknown readable memory: 0x3dcccccdc0a00000 | 00 00 a0 c0 cd cc cc 3d
RDX=0x0000000000000020 is an unknown value
RSP=0x0000006a071fe560 is pointing into the stack for thread: 0x00000199811ac080
RBP=0x000000006fb67e50 gdx-bullet64.dll
RSI=0x0 is NULL
RDI=0x0000019981bdab10 points into unknown readable memory: 0x000000006fe7dc10 | 10 dc e7 6f 00 00 00 00
R8 =0x000001998a28a040 points into unknown readable memory: 0x3dcccccdc0a00000 | 00 00 a0 c0 cd cc cc 3d
R9 =0x0000000000000b84 is an unknown value
R10=0x000000006fdbaac0 gdx-bullet64.dll
R11=0x0000006a071fe644 is pointing into the stack for thread: 0x00000199811ac080
R12=0x0000006a071fe608 is pointing into the stack for thread: 0x00000199811ac080
R13=0x0000006a071fe61c is pointing into the stack for thread: 0x00000199811ac080
R14=0x0000006a071fe610 is pointing into the stack for thread: 0x00000199811ac080
R15=0x0000000000000b85 is an unknown value


Registers:
RAX=0x0000019981bdeffe, RBX=0x0000006a071fe770, RCX=0x000001998a28a040, RDX=0x0000000000000020
RSP=0x0000006a071fe560, RBP=0x000000006fb67e50, RSI=0x0000000000000000, RDI=0x0000019981bdab10
R8 =0x000001998a28a040, R9 =0x0000000000000b84, R10=0x000000006fdbaac0, R11=0x0000006a071fe644
R12=0x0000006a071fe608, R13=0x0000006a071fe61c, R14=0x0000006a071fe610, R15=0x0000000000000b85
RIP=0x000000006fb68e7a, EFLAGS=0x0000000000010202

Top of Stack: (sp=0x0000006a071fe560)
0x0000006a071fe560:   0000006a071fe600 00007ffd9ac7ca28
0x0000006a071fe570:   0000000000000000 0000019900000000
0x0000006a071fe580:   0000006a071fe614 0000006a071fe628
0x0000006a071fe590:   0000006a071fe608 0000006a071fe61c
0x0000006a071fe5a0:   0000006a071fe610 00007ffd00000000
0x0000006a071fe5b0:   0000000000000000 3f80000000000000
0x0000006a071fe5c0:   000000013f800000 0000006a071fe60c
0x0000006a071fe5d0:   0000006a071fe614 0000006a071fe618
0x0000006a071fe5e0:   0000006a071fe620 0000006a071fe628
0x0000006a071fe5f0:   000001993f800000 0000006a071fe630
0x0000006a071fe600:   0000006a071fe8e0 0000000000000006
0x0000006a071fe610:   0000002000000003 00006b1c00014154
0x0000006a071fe620:   000001998a28a040 0000019981bdaae0
0x0000006a071fe630:   3dcccccdc0a00000 0000000040a00000
0x0000006a071fe640:   3dcccccdc0a00000 0000000040a00000
0x0000006a071fe650:   3dcccccdc0a00000 0000000040a00000 

Instructions: (pc=0x000000006fb68e7a)
0x000000006fb68d7a:   c7 43 24 00 00 00 00 45 0f 2e f1 76 06 f3 44 0f
0x000000006fb68d8a:   11 4b 08 45 0f 2e e8 76 06 f3 44 0f 11 43 0c 44
0x000000006fb68d9a:   0f 2e e7 76 05 f3 0f 11 7b 10 66 0f ef c9 44 0f
0x000000006fb68daa:   2e d9 76 07 c7 43 14 00 00 00 00 45 0f 2e ca 76
0x000000006fb68dba:   06 f3 44 0f 11 4b 18 44 0f 2e c5 76 06 f3 44 0f
0x000000006fb68dca:   11 43 1c 0f 2e fc 76 05 f3 0f 11 7b 20 66 0f ef
0x000000006fb68dda:   ff 0f 2e fb 76 07 c7 43 24 00 00 00 00 41 83 c7
0x000000006fb68dea:   01 44 39 bc 24 bc 00 00 00 0f 8e d7 f3 ff ff 8b
0x000000006fb68dfa:   84 24 a8 00 00 00 8b 94 24 b4 00 00 00 4c 8b 84
0x000000006fb68e0a:   24 c0 00 00 00 f3 0f 10 bc 24 90 00 00 00 f3 44
0x000000006fb68e1a:   0f 10 44 24 5c 41 0f af c7 48 98 48 03 84 24 c8
0x000000006fb68e2a:   00 00 00 0f b7 08 0f af ca 48 63 c9 4c 01 c1 f3
0x000000006fb68e3a:   0f 10 59 08 f3 0f 10 61 04 f3 0f 59 df f3 0f 10
0x000000006fb68e4a:   29 f3 41 0f 59 e0 c7 84 24 dc 00 00 00 00 00 00
0x000000006fb68e5a:   00 f3 0f 59 ee f3 0f 11 9c 24 d8 00 00 00 f3 0f
0x000000006fb68e6a:   11 a4 24 d4 00 00 00 f3 0f 11 ac 24 d0 00 00 00
0x000000006fb68e7a:   0f b7 48 02 0f af ca 48 63 c9 4c 01 c1 f3 0f 10
0x000000006fb68e8a:   41 08 f3 0f 10 49 04 f3 0f 59 c7 f3 0f 10 11 f3
0x000000006fb68e9a:   41 0f 59 c8 c7 84 24 ec 00 00 00 00 00 00 00 f3
0x000000006fb68eaa:   0f 59 d6 f3 0f 11 84 24 e8 00 00 00 f3 0f 11 8c
0x000000006fb68eba:   24 e4 00 00 00 f3 0f 11 94 24 e0 00 00 00 0f b7
0x000000006fb68eca:   40 04 0f af d0 48 63 d2 49 8d 04 10 f3 0f 59 78
0x000000006fb68eda:   08 f3 44 0f 10 08 f3 44 0f 59 40 04 48 8b 03 f3
0x000000006fb68eea:   44 0f 59 ce c7 84 24 fc 00 00 00 00 00 00 00 f3
0x000000006fb68efa:   44 0f 11 8c 24 f0 00 00 00 f3 44 0f 11 84 24 f4
0x000000006fb68f0a:   00 00 00 f3 0f 11 bc 24 f8 00 00 00 48 8b 40 10
0x000000006fb68f1a:   48 39 e8 0f 84 2d fd ff ff 45 89 f9 41 89 f0 48
0x000000006fb68f2a:   8b 94 24 98 00 00 00 48 89 d9 ff d0 e9 ac fe ff
0x000000006fb68f3a:   ff 0f 1f 44 00 00 8b 8c 24 bc 00 00 00 85 c9 0f
0x000000006fb68f4a:   8e 81 f2 ff ff 48 8d 84 24 d0 00 00 00 45 31 ff
0x000000006fb68f5a:   48 8d 2d ef ee ff ff 66 0f ef ff 48 89 84 24 90
0x000000006fb68f6a:   00 00 00 e9 8c 01 00 00 f3 44 0f 10 7b 08 44 0f 


Stack slot to memory mapping:
stack at sp + 0 slots: 0x0000006a071fe600 is pointing into the stack for thread: 0x00000199811ac080
stack at sp + 1 slots: 0x00007ffd9ac7ca28 jvm.dll
stack at sp + 2 slots: 0x0 is NULL
stack at sp + 3 slots: 0x0000019900000000 is an unknown value
stack at sp + 4 slots: 0x0000006a071fe614 is pointing into the stack for thread: 0x00000199811ac080
stack at sp + 5 slots: 0x0000006a071fe628 is pointing into the stack for thread: 0x00000199811ac080
stack at sp + 6 slots: 0x0000006a071fe608 is pointing into the stack for thread: 0x00000199811ac080
stack at sp + 7 slots: 0x0000006a071fe61c is pointing into the stack for thread: 0x00000199811ac080


---------------  P R O C E S S  ---------------

Threads class SMR info:
_java_thread_list=0x000001998123ec80, length=13, elements={
0x0000019980182e10, 0x0000019980183ff0, 0x00000199801a04e0, 0x00000199801a2eb0,
0x00000199801a3960, 0x00000199801ad810, 0x00000199801b3dd0, 0x00000199801b49d0,
0x0000019980ad7d40, 0x0000019980add700, 0x00000199811ac080, 0x00000199e1e66e20,
0x000001998159e440
}

Java Threads: ( => current thread )
  0x0000019980182e10 JavaThread "Reference Handler" daemon [_thread_blocked, id=7368, stack(0x0000006a06400000,0x0000006a06500000)]
  0x0000019980183ff0 JavaThread "Finalizer" daemon [_thread_blocked, id=2784, stack(0x0000006a06500000,0x0000006a06600000)]
  0x00000199801a04e0 JavaThread "Signal Dispatcher" daemon [_thread_blocked, id=6440, stack(0x0000006a06600000,0x0000006a06700000)]
  0x00000199801a2eb0 JavaThread "Attach Listener" daemon [_thread_blocked, id=6848, stack(0x0000006a06700000,0x0000006a06800000)]
  0x00000199801a3960 JavaThread "Service Thread" daemon [_thread_blocked, id=11552, stack(0x0000006a06800000,0x0000006a06900000)]
  0x00000199801ad810 JavaThread "C2 CompilerThread0" daemon [_thread_blocked, id=6448, stack(0x0000006a06900000,0x0000006a06a00000)]
  0x00000199801b3dd0 JavaThread "C1 CompilerThread0" daemon [_thread_blocked, id=10388, stack(0x0000006a06a00000,0x0000006a06b00000)]
  0x00000199801b49d0 JavaThread "Sweeper thread" daemon [_thread_blocked, id=2616, stack(0x0000006a06b00000,0x0000006a06c00000)]
  0x0000019980ad7d40 JavaThread "Notification Thread" daemon [_thread_blocked, id=9892, stack(0x0000006a06c00000,0x0000006a06d00000)]
  0x0000019980add700 JavaThread "Common-Cleaner" daemon [_thread_blocked, id=7044, stack(0x0000006a06e00000,0x0000006a06f00000)]
=>0x00000199811ac080 JavaThread "LWJGL Application" [_thread_in_native, id=8872, stack(0x0000006a07100000,0x0000006a07200000)]
  0x00000199e1e66e20 JavaThread "DestroyJavaVM" [_thread_blocked, id=8212, stack(0x0000006a05d00000,0x0000006a05e00000)]
  0x000001998159e440 JavaThread "C2 CompilerThread1" daemon [_thread_blocked, id=2156, stack(0x0000006a07700000,0x0000006a07800000)]

Other Threads:
  0x000001998017f580 VMThread "VM Thread" [stack: 0x0000006a06300000,0x0000006a06400000] [id=3504]
  0x0000019980adca30 WatcherThread [stack: 0x0000006a06d00000,0x0000006a06e00000] [id=2508]
  0x00000199e1ea5df0 GCTaskThread "GC Thread#0" [stack: 0x0000006a05e00000,0x0000006a05f00000] [id=1240]
  0x00000199811fb3d0 GCTaskThread "GC Thread#1" [stack: 0x0000006a07800000,0x0000006a07900000] [id=11148]
  0x00000199811fd3b0 GCTaskThread "GC Thread#2" [stack: 0x0000006a07900000,0x0000006a07a00000] [id=9952]
  0x00000199811fd080 GCTaskThread "GC Thread#3" [stack: 0x0000006a07a00000,0x0000006a07b00000] [id=12096]
  0x00000199e1eb7cd0 ConcurrentGCThread "G1 Main Marker" [stack: 0x0000006a05f00000,0x0000006a06000000] [id=3836]
  0x00000199e1eb90e0 ConcurrentGCThread "G1 Conc#0" [stack: 0x0000006a06000000,0x0000006a06100000] [id=4372]
  0x00000199e1f341b0 ConcurrentGCThread "G1 Refine#0" [stack: 0x0000006a06100000,0x0000006a06200000] [id=11340]
  0x000001998154cf50 ConcurrentGCThread "G1 Refine#1" [stack: 0x0000006a07b00000,0x0000006a07c00000] [id=12244]
  0x00000199e1f34db0 ConcurrentGCThread "G1 Young RemSet Sampling" [stack: 0x0000006a06200000,0x0000006a06300000] [id=10544]

Threads with active compile tasks:

VM state: not at safepoint (normal execution)

VM Mutex/Monitor currently owned by a thread: None

Heap address: 0x0000000082000000, size: 2016 MB, Compressed Oops mode: 32-bit
CDS archive(s) mapped at: [0x0000000800000000-0x0000000800b50000-0x0000000800b50000), size 11862016, SharedBaseAddress: 0x0000000800000000, ArchiveRelocationMode: 0.
Compressed class space mapped at: 0x0000000800b50000-0x0000000840b50000, size: 1073741824
Narrow klass base: 0x0000000800000000, Narrow klass shift: 3, Narrow klass range: 0x100000000

GC Precious Log:
 CPUs: 4 total, 4 available
 Memory: 8060M
 Large Page Support: Disabled
 NUMA Support: Disabled
 Compressed Oops: Enabled (32-bit)
 Heap Region Size: 1M
 Heap Min Capacity: 8M
 Heap Initial Capacity: 126M
 Heap Max Capacity: 2016M
 Pre-touch: Disabled
 Parallel Workers: 4
 Concurrent Workers: 1
 Concurrent Refinement Workers: 4
 Periodic GC: Disabled

Heap:
 garbage-first heap   total 129024K, used 26251K [0x0000000082000000, 0x0000000100000000)
  region size 1024K, 18 young (18432K), 1 survivors (1024K)
 Metaspace       used 6285K, capacity 9214K, committed 9472K, reserved 1058816K
  class space    used 346K, capacity 649K, committed 768K, reserved 1048576K

Heap Regions: E=young(eden), S=young(survivor), O=old, HS=humongous(starts), HC=humongous(continues), CS=collection set, F=free, OA=open archive, CA=closed archive, TAMS=top-at-mark-start (previous, next)
|   0|0x0000000082000000, 0x0000000082100000, 0x0000000082100000|100%| O|  |TAMS 0x0000000082000000, 0x0000000082000000| Untracked 
|   1|0x0000000082100000, 0x00000000821b8000, 0x0000000082200000| 71%| O|  |TAMS 0x0000000082100000, 0x0000000082100000| Untracked 
|   2|0x0000000082200000, 0x0000000082300000, 0x0000000082300000|100%|HS|  |TAMS 0x0000000082200000, 0x0000000082200000| Complete 
|   3|0x0000000082300000, 0x0000000082400000, 0x0000000082400000|100%|HS|  |TAMS 0x0000000082300000, 0x0000000082300000| Complete 
|   4|0x0000000082400000, 0x0000000082500000, 0x0000000082500000|100%|HS|  |TAMS 0x0000000082400000, 0x0000000082400000| Complete 
|   5|0x0000000082500000, 0x0000000082600000, 0x0000000082600000|100%|HC|  |TAMS 0x0000000082500000, 0x0000000082500000| Complete 
|   6|0x0000000082600000, 0x0000000082700000, 0x0000000082700000|100%|HS|  |TAMS 0x0000000082600000, 0x0000000082600000| Complete 
|   7|0x0000000082700000, 0x0000000082800000, 0x0000000082800000|100%|HC|  |TAMS 0x0000000082700000, 0x0000000082700000| Complete 
|   8|0x0000000082800000, 0x0000000082900000, 0x0000000082900000|100%|HC|  |TAMS 0x0000000082800000, 0x0000000082800000| Complete 
|   9|0x0000000082900000, 0x0000000082900000, 0x0000000082a00000|  0%| F|  |TAMS 0x0000000082900000, 0x0000000082900000| Untracked 
|  10|0x0000000082a00000, 0x0000000082a00000, 0x0000000082b00000|  0%| F|  |TAMS 0x0000000082a00000, 0x0000000082a00000| Untracked 
|  11|0x0000000082b00000, 0x0000000082b00000, 0x0000000082c00000|  0%| F|  |TAMS 0x0000000082b00000, 0x0000000082b00000| Untracked 
|  12|0x0000000082c00000, 0x0000000082c00000, 0x0000000082d00000|  0%| F|  |TAMS 0x0000000082c00000, 0x0000000082c00000| Untracked 
|  13|0x0000000082d00000, 0x0000000082d00000, 0x0000000082e00000|  0%| F|  |TAMS 0x0000000082d00000, 0x0000000082d00000| Untracked 
|  14|0x0000000082e00000, 0x0000000082e00000, 0x0000000082f00000|  0%| F|  |TAMS 0x0000000082e00000, 0x0000000082e00000| Untracked 
|  15|0x0000000082f00000, 0x0000000082f00000, 0x0000000083000000|  0%| F|  |TAMS 0x0000000082f00000, 0x0000000082f00000| Untracked 
|  16|0x0000000083000000, 0x0000000083000000, 0x0000000083100000|  0%| F|  |TAMS 0x0000000083000000, 0x0000000083000000| Untracked 
|  17|0x0000000083100000, 0x0000000083100000, 0x0000000083200000|  0%| F|  |TAMS 0x0000000083100000, 0x0000000083100000| Untracked 
|  18|0x0000000083200000, 0x0000000083200000, 0x0000000083300000|  0%| F|  |TAMS 0x0000000083200000, 0x0000000083200000| Untracked 
|  19|0x0000000083300000, 0x0000000083300000, 0x0000000083400000|  0%| F|  |TAMS 0x0000000083300000, 0x0000000083300000| Untracked 
|  20|0x0000000083400000, 0x0000000083400000, 0x0000000083500000|  0%| F|  |TAMS 0x0000000083400000, 0x0000000083400000| Untracked 
|  21|0x0000000083500000, 0x0000000083500000, 0x0000000083600000|  0%| F|  |TAMS 0x0000000083500000, 0x0000000083500000| Untracked 
|  22|0x0000000083600000, 0x0000000083600000, 0x0000000083700000|  0%| F|  |TAMS 0x0000000083600000, 0x0000000083600000| Untracked 
|  23|0x0000000083700000, 0x0000000083700000, 0x0000000083800000|  0%| F|  |TAMS 0x0000000083700000, 0x0000000083700000| Untracked 
|  24|0x0000000083800000, 0x0000000083800000, 0x0000000083900000|  0%| F|  |TAMS 0x0000000083800000, 0x0000000083800000| Untracked 
|  25|0x0000000083900000, 0x0000000083900000, 0x0000000083a00000|  0%| F|  |TAMS 0x0000000083900000, 0x0000000083900000| Untracked 
|  26|0x0000000083a00000, 0x0000000083a00000, 0x0000000083b00000|  0%| F|  |TAMS 0x0000000083a00000, 0x0000000083a00000| Untracked 
|  27|0x0000000083b00000, 0x0000000083b00000, 0x0000000083c00000|  0%| F|  |TAMS 0x0000000083b00000, 0x0000000083b00000| Untracked 
|  28|0x0000000083c00000, 0x0000000083c00000, 0x0000000083d00000|  0%| F|  |TAMS 0x0000000083c00000, 0x0000000083c00000| Untracked 
|  29|0x0000000083d00000, 0x0000000083d00000, 0x0000000083e00000|  0%| F|  |TAMS 0x0000000083d00000, 0x0000000083d00000| Untracked 
|  30|0x0000000083e00000, 0x0000000083e00000, 0x0000000083f00000|  0%| F|  |TAMS 0x0000000083e00000, 0x0000000083e00000| Untracked 
|  31|0x0000000083f00000, 0x0000000083f00000, 0x0000000084000000|  0%| F|  |TAMS 0x0000000083f00000, 0x0000000083f00000| Untracked 
|  32|0x0000000084000000, 0x0000000084000000, 0x0000000084100000|  0%| F|  |TAMS 0x0000000084000000, 0x0000000084000000| Untracked 
|  33|0x0000000084100000, 0x0000000084100000, 0x0000000084200000|  0%| F|  |TAMS 0x0000000084100000, 0x0000000084100000| Untracked 
|  34|0x0000000084200000, 0x0000000084200000, 0x0000000084300000|  0%| F|  |TAMS 0x0000000084200000, 0x0000000084200000| Untracked 
|  35|0x0000000084300000, 0x0000000084300000, 0x0000000084400000|  0%| F|  |TAMS 0x0000000084300000, 0x0000000084300000| Untracked 
|  36|0x0000000084400000, 0x0000000084400000, 0x0000000084500000|  0%| F|  |TAMS 0x0000000084400000, 0x0000000084400000| Untracked 
|  37|0x0000000084500000, 0x0000000084500000, 0x0000000084600000|  0%| F|  |TAMS 0x0000000084500000, 0x0000000084500000| Untracked 
|  38|0x0000000084600000, 0x0000000084600000, 0x0000000084700000|  0%| F|  |TAMS 0x0000000084600000, 0x0000000084600000| Untracked 
|  39|0x0000000084700000, 0x0000000084700000, 0x0000000084800000|  0%| F|  |TAMS 0x0000000084700000, 0x0000000084700000| Untracked 
|  40|0x0000000084800000, 0x0000000084800000, 0x0000000084900000|  0%| F|  |TAMS 0x0000000084800000, 0x0000000084800000| Untracked 
|  41|0x0000000084900000, 0x0000000084900000, 0x0000000084a00000|  0%| F|  |TAMS 0x0000000084900000, 0x0000000084900000| Untracked 
|  42|0x0000000084a00000, 0x0000000084a00000, 0x0000000084b00000|  0%| F|  |TAMS 0x0000000084a00000, 0x0000000084a00000| Untracked 
|  43|0x0000000084b00000, 0x0000000084b00000, 0x0000000084c00000|  0%| F|  |TAMS 0x0000000084b00000, 0x0000000084b00000| Untracked 
|  44|0x0000000084c00000, 0x0000000084c00000, 0x0000000084d00000|  0%| F|  |TAMS 0x0000000084c00000, 0x0000000084c00000| Untracked 
|  45|0x0000000084d00000, 0x0000000084d00000, 0x0000000084e00000|  0%| F|  |TAMS 0x0000000084d00000, 0x0000000084d00000| Untracked 
|  46|0x0000000084e00000, 0x0000000084e00000, 0x0000000084f00000|  0%| F|  |TAMS 0x0000000084e00000, 0x0000000084e00000| Untracked 
|  47|0x0000000084f00000, 0x0000000084f00000, 0x0000000085000000|  0%| F|  |TAMS 0x0000000084f00000, 0x0000000084f00000| Untracked 
|  48|0x0000000085000000, 0x0000000085000000, 0x0000000085100000|  0%| F|  |TAMS 0x0000000085000000, 0x0000000085000000| Untracked 
|  49|0x0000000085100000, 0x0000000085100000, 0x0000000085200000|  0%| F|  |TAMS 0x0000000085100000, 0x0000000085100000| Untracked 
|  50|0x0000000085200000, 0x00000000852eaf68, 0x0000000085300000| 91%| S|CS|TAMS 0x0000000085200000, 0x0000000085200000| Complete 
|  51|0x0000000085300000, 0x0000000085300000, 0x0000000085400000|  0%| F|  |TAMS 0x0000000085300000, 0x0000000085300000| Untracked 
|  52|0x0000000085400000, 0x0000000085400000, 0x0000000085500000|  0%| F|  |TAMS 0x0000000085400000, 0x0000000085400000| Untracked 
|  53|0x0000000085500000, 0x0000000085500000, 0x0000000085600000|  0%| F|  |TAMS 0x0000000085500000, 0x0000000085500000| Untracked 
|  54|0x0000000085600000, 0x0000000085600000, 0x0000000085700000|  0%| F|  |TAMS 0x0000000085600000, 0x0000000085600000| Untracked 
|  55|0x0000000085700000, 0x0000000085700000, 0x0000000085800000|  0%| F|  |TAMS 0x0000000085700000, 0x0000000085700000| Untracked 
|  56|0x0000000085800000, 0x0000000085800000, 0x0000000085900000|  0%| F|  |TAMS 0x0000000085800000, 0x0000000085800000| Untracked 
|  57|0x0000000085900000, 0x0000000085900000, 0x0000000085a00000|  0%| F|  |TAMS 0x0000000085900000, 0x0000000085900000| Untracked 
|  58|0x0000000085a00000, 0x0000000085a00000, 0x0000000085b00000|  0%| F|  |TAMS 0x0000000085a00000, 0x0000000085a00000| Untracked 
|  59|0x0000000085b00000, 0x0000000085b00000, 0x0000000085c00000|  0%| F|  |TAMS 0x0000000085b00000, 0x0000000085b00000| Untracked 
|  60|0x0000000085c00000, 0x0000000085c00000, 0x0000000085d00000|  0%| F|  |TAMS 0x0000000085c00000, 0x0000000085c00000| Untracked 
|  61|0x0000000085d00000, 0x0000000085d00000, 0x0000000085e00000|  0%| F|  |TAMS 0x0000000085d00000, 0x0000000085d00000| Untracked 
|  62|0x0000000085e00000, 0x0000000085e00000, 0x0000000085f00000|  0%| F|  |TAMS 0x0000000085e00000, 0x0000000085e00000| Untracked 
|  63|0x0000000085f00000, 0x0000000085f00000, 0x0000000086000000|  0%| F|  |TAMS 0x0000000085f00000, 0x0000000085f00000| Untracked 
|  64|0x0000000086000000, 0x0000000086000000, 0x0000000086100000|  0%| F|  |TAMS 0x0000000086000000, 0x0000000086000000| Untracked 
|  65|0x0000000086100000, 0x0000000086100000, 0x0000000086200000|  0%| F|  |TAMS 0x0000000086100000, 0x0000000086100000| Untracked 
|  66|0x0000000086200000, 0x0000000086200000, 0x0000000086300000|  0%| F|  |TAMS 0x0000000086200000, 0x0000000086200000| Untracked 
|  67|0x0000000086300000, 0x0000000086300000, 0x0000000086400000|  0%| F|  |TAMS 0x0000000086300000, 0x0000000086300000| Untracked 
|  68|0x0000000086400000, 0x0000000086400000, 0x0000000086500000|  0%| F|  |TAMS 0x0000000086400000, 0x0000000086400000| Untracked 
|  69|0x0000000086500000, 0x0000000086500000, 0x0000000086600000|  0%| F|  |TAMS 0x0000000086500000, 0x0000000086500000| Untracked 
|  70|0x0000000086600000, 0x0000000086600000, 0x0000000086700000|  0%| F|  |TAMS 0x0000000086600000, 0x0000000086600000| Untracked 
|  71|0x0000000086700000, 0x0000000086700000, 0x0000000086800000|  0%| F|  |TAMS 0x0000000086700000, 0x0000000086700000| Untracked 
|  72|0x0000000086800000, 0x0000000086800000, 0x0000000086900000|  0%| F|  |TAMS 0x0000000086800000, 0x0000000086800000| Untracked 
|  73|0x0000000086900000, 0x0000000086900000, 0x0000000086a00000|  0%| F|  |TAMS 0x0000000086900000, 0x0000000086900000| Untracked 
|  74|0x0000000086a00000, 0x0000000086a00000, 0x0000000086b00000|  0%| F|  |TAMS 0x0000000086a00000, 0x0000000086a00000| Untracked 
|  75|0x0000000086b00000, 0x0000000086b00000, 0x0000000086c00000|  0%| F|  |TAMS 0x0000000086b00000, 0x0000000086b00000| Untracked 
|  76|0x0000000086c00000, 0x0000000086c00000, 0x0000000086d00000|  0%| F|  |TAMS 0x0000000086c00000, 0x0000000086c00000| Untracked 
|  77|0x0000000086d00000, 0x0000000086d00000, 0x0000000086e00000|  0%| F|  |TAMS 0x0000000086d00000, 0x0000000086d00000| Untracked 
|  78|0x0000000086e00000, 0x0000000086e00000, 0x0000000086f00000|  0%| F|  |TAMS 0x0000000086e00000, 0x0000000086e00000| Untracked 
|  79|0x0000000086f00000, 0x0000000086f00000, 0x0000000087000000|  0%| F|  |TAMS 0x0000000086f00000, 0x0000000086f00000| Untracked 
|  80|0x0000000087000000, 0x0000000087000000, 0x0000000087100000|  0%| F|  |TAMS 0x0000000087000000, 0x0000000087000000| Untracked 
|  81|0x0000000087100000, 0x0000000087100000, 0x0000000087200000|  0%| F|  |TAMS 0x0000000087100000, 0x0000000087100000| Untracked 
|  82|0x0000000087200000, 0x0000000087200000, 0x0000000087300000|  0%| F|  |TAMS 0x0000000087200000, 0x0000000087200000| Untracked 
|  83|0x0000000087300000, 0x0000000087300000, 0x0000000087400000|  0%| F|  |TAMS 0x0000000087300000, 0x0000000087300000| Untracked 
|  84|0x0000000087400000, 0x0000000087400000, 0x0000000087500000|  0%| F|  |TAMS 0x0000000087400000, 0x0000000087400000| Untracked 
|  85|0x0000000087500000, 0x0000000087500000, 0x0000000087600000|  0%| F|  |TAMS 0x0000000087500000, 0x0000000087500000| Untracked 
|  86|0x0000000087600000, 0x0000000087600000, 0x0000000087700000|  0%| F|  |TAMS 0x0000000087600000, 0x0000000087600000| Untracked 
|  87|0x0000000087700000, 0x0000000087700000, 0x0000000087800000|  0%| F|  |TAMS 0x0000000087700000, 0x0000000087700000| Untracked 
|  88|0x0000000087800000, 0x0000000087800000, 0x0000000087900000|  0%| F|  |TAMS 0x0000000087800000, 0x0000000087800000| Untracked 
|  89|0x0000000087900000, 0x0000000087900000, 0x0000000087a00000|  0%| F|  |TAMS 0x0000000087900000, 0x0000000087900000| Untracked 
|  90|0x0000000087a00000, 0x0000000087a00000, 0x0000000087b00000|  0%| F|  |TAMS 0x0000000087a00000, 0x0000000087a00000| Untracked 
|  91|0x0000000087b00000, 0x0000000087b00000, 0x0000000087c00000|  0%| F|  |TAMS 0x0000000087b00000, 0x0000000087b00000| Untracked 
|  92|0x0000000087c00000, 0x0000000087c00000, 0x0000000087d00000|  0%| F|  |TAMS 0x0000000087c00000, 0x0000000087c00000| Untracked 
|  93|0x0000000087d00000, 0x0000000087d00000, 0x0000000087e00000|  0%| F|  |TAMS 0x0000000087d00000, 0x0000000087d00000| Untracked 
|  94|0x0000000087e00000, 0x0000000087e00000, 0x0000000087f00000|  0%| F|  |TAMS 0x0000000087e00000, 0x0000000087e00000| Untracked 
|  95|0x0000000087f00000, 0x0000000087f00000, 0x0000000088000000|  0%| F|  |TAMS 0x0000000087f00000, 0x0000000087f00000| Untracked 
|  96|0x0000000088000000, 0x0000000088000000, 0x0000000088100000|  0%| F|  |TAMS 0x0000000088000000, 0x0000000088000000| Untracked 
|  97|0x0000000088100000, 0x0000000088100000, 0x0000000088200000|  0%| F|  |TAMS 0x0000000088100000, 0x0000000088100000| Untracked 
|  98|0x0000000088200000, 0x0000000088200000, 0x0000000088300000|  0%| F|  |TAMS 0x0000000088200000, 0x0000000088200000| Untracked 
|  99|0x0000000088300000, 0x0000000088300000, 0x0000000088400000|  0%| F|  |TAMS 0x0000000088300000, 0x0000000088300000| Untracked 
| 100|0x0000000088400000, 0x0000000088400000, 0x0000000088500000|  0%| F|  |TAMS 0x0000000088400000, 0x0000000088400000| Untracked 
| 101|0x0000000088500000, 0x0000000088500000, 0x0000000088600000|  0%| F|  |TAMS 0x0000000088500000, 0x0000000088500000| Untracked 
| 102|0x0000000088600000, 0x0000000088600000, 0x0000000088700000|  0%| F|  |TAMS 0x0000000088600000, 0x0000000088600000| Untracked 
| 103|0x0000000088700000, 0x0000000088700000, 0x0000000088800000|  0%| F|  |TAMS 0x0000000088700000, 0x0000000088700000| Untracked 
| 104|0x0000000088800000, 0x0000000088800000, 0x0000000088900000|  0%| F|  |TAMS 0x0000000088800000, 0x0000000088800000| Untracked 
| 105|0x0000000088900000, 0x0000000088900000, 0x0000000088a00000|  0%| F|  |TAMS 0x0000000088900000, 0x0000000088900000| Untracked 
| 106|0x0000000088a00000, 0x0000000088a00000, 0x0000000088b00000|  0%| F|  |TAMS 0x0000000088a00000, 0x0000000088a00000| Untracked 
| 107|0x0000000088b00000, 0x0000000088b00000, 0x0000000088c00000|  0%| F|  |TAMS 0x0000000088b00000, 0x0000000088b00000| Untracked 
| 108|0x0000000088c00000, 0x0000000088c00000, 0x0000000088d00000|  0%| F|  |TAMS 0x0000000088c00000, 0x0000000088c00000| Untracked 
| 109|0x0000000088d00000, 0x0000000088e00000, 0x0000000088e00000|100%| E|  |TAMS 0x0000000088d00000, 0x0000000088d00000| Complete 
| 110|0x0000000088e00000, 0x0000000088f00000, 0x0000000088f00000|100%| E|CS|TAMS 0x0000000088e00000, 0x0000000088e00000| Complete 
| 111|0x0000000088f00000, 0x0000000089000000, 0x0000000089000000|100%| E|CS|TAMS 0x0000000088f00000, 0x0000000088f00000| Complete 
| 112|0x0000000089000000, 0x0000000089100000, 0x0000000089100000|100%| E|CS|TAMS 0x0000000089000000, 0x0000000089000000| Complete 
| 113|0x0000000089100000, 0x0000000089200000, 0x0000000089200000|100%| E|CS|TAMS 0x0000000089100000, 0x0000000089100000| Complete 
| 114|0x0000000089200000, 0x0000000089300000, 0x0000000089300000|100%| E|CS|TAMS 0x0000000089200000, 0x0000000089200000| Complete 
| 115|0x0000000089300000, 0x0000000089400000, 0x0000000089400000|100%| E|CS|TAMS 0x0000000089300000, 0x0000000089300000| Complete 
| 116|0x0000000089400000, 0x0000000089500000, 0x0000000089500000|100%| E|CS|TAMS 0x0000000089400000, 0x0000000089400000| Complete 
| 117|0x0000000089500000, 0x0000000089600000, 0x0000000089600000|100%| E|CS|TAMS 0x0000000089500000, 0x0000000089500000| Complete 
| 118|0x0000000089600000, 0x0000000089700000, 0x0000000089700000|100%| E|CS|TAMS 0x0000000089600000, 0x0000000089600000| Complete 
| 119|0x0000000089700000, 0x0000000089800000, 0x0000000089800000|100%| E|CS|TAMS 0x0000000089700000, 0x0000000089700000| Complete 
| 120|0x0000000089800000, 0x0000000089900000, 0x0000000089900000|100%| E|CS|TAMS 0x0000000089800000, 0x0000000089800000| Complete 
| 121|0x0000000089900000, 0x0000000089a00000, 0x0000000089a00000|100%| E|CS|TAMS 0x0000000089900000, 0x0000000089900000| Complete 
| 122|0x0000000089a00000, 0x0000000089b00000, 0x0000000089b00000|100%| E|CS|TAMS 0x0000000089a00000, 0x0000000089a00000| Complete 
| 123|0x0000000089b00000, 0x0000000089c00000, 0x0000000089c00000|100%| E|CS|TAMS 0x0000000089b00000, 0x0000000089b00000| Complete 
| 124|0x0000000089c00000, 0x0000000089d00000, 0x0000000089d00000|100%| E|CS|TAMS 0x0000000089c00000, 0x0000000089c00000| Complete 
| 125|0x0000000089d00000, 0x0000000089e00000, 0x0000000089e00000|100%| E|CS|TAMS 0x0000000089d00000, 0x0000000089d00000| Complete 

Card table byte_map: [0x00000199f9490000,0x00000199f9880000] _byte_map_base: 0x00000199f9080000

Marking Bits (Prev, Next): (CMBitMap*) 0x00000199e1ea7670, (CMBitMap*) 0x00000199e1ea76b0
 Prev Bits: [0x00000199f9c70000, 0x00000199fbbf0000)
 Next Bits: [0x00000199fbbf0000, 0x00000199fdb70000)

Polling page: 0x00000199dfe80000

Metaspace:

Usage:
  Non-class:      8.36 MB capacity,     5.80 MB ( 69%) used,     2.56 MB ( 31%) free+waste,     4.75 KB ( <1%) overhead. 
      Class:    649.00 KB capacity,   346.23 KB ( 53%) used,   301.90 KB ( 47%) free+waste,   896 bytes ( <1%) overhead. 
       Both:      9.00 MB capacity,     6.14 MB ( 68%) used,     2.85 MB ( 32%) free+waste,     5.62 KB ( <1%) overhead. 

Virtual space:
  Non-class space:       10.00 MB reserved,       8.50 MB ( 85%) committed 
      Class space:        1.00 GB reserved,     768.00 KB ( <1%) committed 
             Both:        1.01 GB reserved,       9.25 MB ( <1%) committed 

Chunk freelists:
   Non-Class:  139.00 KB
       Class:  23.00 KB
        Both:  162.00 KB

MaxMetaspaceSize: 17179869184.00 GB
CompressedClassSpaceSize: 1.00 GB

CodeHeap 'non-profiled nmethods': size=120000Kb used=397Kb max_used=397Kb free=119602Kb
 bounds [0x00000199f1b70000, 0x00000199f1de0000, 0x00000199f90a0000]
CodeHeap 'profiled nmethods': size=120000Kb used=1877Kb max_used=1877Kb free=118122Kb
 bounds [0x00000199ea640000, 0x00000199ea8b0000, 0x00000199f1b70000]
CodeHeap 'non-nmethods': size=5760Kb used=1462Kb max_used=1520Kb free=4297Kb
 bounds [0x00000199ea0a0000, 0x00000199ea310000, 0x00000199ea640000]
 total_blobs=1671 nmethods=858 adapters=726
 compilation: enabled
              stopped_count=0, restarted_count=0
 full_count=0

Compilation events (20 events):
Event: 1.314 Thread 0x00000199801b3dd0 nmethod 851 0x00000199ea80e410 code [0x00000199ea80e5a0, 0x00000199ea80e698]
Event: 1.314 Thread 0x00000199801b3dd0  852       3       jdk.internal.jimage.ImageReader::findLocation (14 bytes)
Event: 1.314 Thread 0x00000199801b3dd0 nmethod 852 0x00000199ea80e710 code [0x00000199ea80e8e0, 0x00000199ea80ec38]
Event: 1.314 Thread 0x00000199801b3dd0  853       3       jdk.internal.jimage.ImageReader::requireOpen (18 bytes)
Event: 1.314 Thread 0x00000199801b3dd0 nmethod 853 0x00000199ea80ed90 code [0x00000199ea80ef40, 0x00000199ea80f168]
Event: 1.314 Thread 0x00000199801b3dd0  854  s    3       jdk.internal.jimage.BasicImageReader::findLocation (115 bytes)
Event: 1.315 Thread 0x00000199801b3dd0 nmethod 854 0x00000199ea80f290 code [0x00000199ea80f5a0, 0x00000199ea8106b8]
Event: 1.316 Thread 0x00000199801ad810 nmethod 848 0x00000199f1bca090 code [0x00000199f1bca220, 0x00000199f1bca698]
Event: 1.321 Thread 0x00000199801b3dd0  855       3       sun.net.www.ParseUtil::firstEncodeIndex (86 bytes)
Event: 1.322 Thread 0x00000199801b3dd0 nmethod 855 0x00000199ea810c90 code [0x00000199ea810ec0, 0x00000199ea811868]
Event: 1.324 Thread 0x00000199801b3dd0  856       3       java.util.jar.JavaUtilJarAccessImpl::getTrustedAttributes (6 bytes)
Event: 1.324 Thread 0x00000199801b3dd0 nmethod 856 0x00000199ea811c10 code [0x00000199ea811dc0, 0x00000199ea811f08]
Event: 1.324 Thread 0x00000199801b3dd0  857       3       java.util.jar.Manifest::getTrustedAttributes (57 bytes)
Event: 1.325 Thread 0x00000199801b3dd0 nmethod 857 0x00000199ea812010 code [0x00000199ea812280, 0x00000199ea812bb8]
Event: 1.325 Thread 0x00000199801b3dd0  858       3       java.util.jar.Manifest::getAttributes (14 bytes)
Event: 1.325 Thread 0x00000199801b3dd0 nmethod 858 0x00000199ea812f10 code [0x00000199ea8130c0, 0x00000199ea8133a8]
Event: 1.326 Thread 0x00000199801b3dd0  859       3       jdk.internal.loader.URLClassPath::getResource (74 bytes)
Event: 1.326 Thread 0x00000199801b3dd0 nmethod 859 0x00000199ea813490 code [0x00000199ea813660, 0x00000199ea813998]
Event: 1.326 Thread 0x00000199801b3dd0  860       3       jdk.internal.loader.BuiltinClassLoader::defineClass (121 bytes)
Event: 1.327 Thread 0x00000199801b3dd0 nmethod 860 0x00000199ea813b10 code [0x00000199ea813e00, 0x00000199ea815128]

GC Heap History (6 events):
Event: 0.944 GC heap before
{Heap before GC invocations=0 (full 0):
 garbage-first heap   total 129024K, used 12288K [0x0000000082000000, 0x0000000100000000)
  region size 1024K, 13 young (13312K), 0 survivors (0K)
 Metaspace       used 5766K, capacity 8766K, committed 9088K, reserved 1058816K
  class space    used 295K, capacity 585K, committed 640K, reserved 1048576K
}
Event: 0.951 GC heap after
{Heap after GC invocations=1 (full 0):
 garbage-first heap   total 129024K, used 1940K [0x0000000082000000, 0x0000000100000000)
  region size 1024K, 2 young (2048K), 2 survivors (2048K)
 Metaspace       used 5766K, capacity 8766K, committed 9088K, reserved 1058816K
  class space    used 295K, capacity 585K, committed 640K, reserved 1048576K
}
Event: 1.024 GC heap before
{Heap before GC invocations=1 (full 0):
 garbage-first heap   total 129024K, used 19348K [0x0000000082000000, 0x0000000100000000)
  region size 1024K, 19 young (19456K), 2 survivors (2048K)
 Metaspace       used 5806K, capacity 8766K, committed 9088K, reserved 1058816K
  class space    used 295K, capacity 585K, committed 640K, reserved 1048576K
}
Event: 1.026 GC heap after
{Heap after GC invocations=2 (full 0):
 garbage-first heap   total 129024K, used 2191K [0x0000000082000000, 0x0000000100000000)
  region size 1024K, 1 young (1024K), 1 survivors (1024K)
 Metaspace       used 5806K, capacity 8766K, committed 9088K, reserved 1058816K
  class space    used 295K, capacity 585K, committed 640K, reserved 1048576K
}
Event: 1.251 GC heap before
{Heap before GC invocations=2 (full 0):
 garbage-first heap   total 129024K, used 82063K [0x0000000082000000, 0x0000000100000000)
  region size 1024K, 75 young (76800K), 1 survivors (1024K)
 Metaspace       used 5852K, capacity 8766K, committed 9088K, reserved 1058816K
  class space    used 295K, capacity 585K, committed 640K, reserved 1048576K
}
Event: 1.256 GC heap after
{Heap after GC invocations=3 (full 0):
 garbage-first heap   total 129024K, used 6795K [0x0000000082000000, 0x0000000100000000)
  region size 1024K, 1 young (1024K), 1 survivors (1024K)
 Metaspace       used 5852K, capacity 8766K, committed 9088K, reserved 1058816K
  class space    used 295K, capacity 585K, committed 640K, reserved 1048576K
}

Deoptimization events (20 events):
Event: 1.268 Thread 0x00000199811ac080 DEOPT PACKING pc=0x00000199ea7b7547 sp=0x0000006a071fe600
Event: 1.268 Thread 0x00000199811ac080 DEOPT UNPACKING pc=0x00000199ea0ee23f sp=0x0000006a071fdb68 mode 0
Event: 1.270 Thread 0x00000199811ac080 DEOPT PACKING pc=0x00000199ea7dc925 sp=0x0000006a071fe750
Event: 1.270 Thread 0x00000199811ac080 DEOPT UNPACKING pc=0x00000199ea0ee23f sp=0x0000006a071fde20 mode 0
Event: 1.271 Thread 0x00000199811ac080 DEOPT PACKING pc=0x00000199ea7b7547 sp=0x0000006a071fe7d0
Event: 1.271 Thread 0x00000199811ac080 DEOPT UNPACKING pc=0x00000199ea0ee23f sp=0x0000006a071fdd38 mode 0
Event: 1.275 Thread 0x00000199811ac080 DEOPT PACKING pc=0x00000199ea7b7547 sp=0x0000006a071fe5b0
Event: 1.275 Thread 0x00000199811ac080 DEOPT UNPACKING pc=0x00000199ea0ee23f sp=0x0000006a071fdb18 mode 0
Event: 1.276 Thread 0x00000199811ac080 Uncommon trap: trap_request=0xffffff45 fr.pc=0x00000199f1ba6a0c relative=0x0000000000000dec
Event: 1.276 Thread 0x00000199811ac080 Uncommon trap: reason=unstable_if action=reinterpret pc=0x00000199f1ba6a0c method=java.io.BufferedReader.readLine(Z)Ljava/lang/String; @ 55 c2
Event: 1.276 Thread 0x00000199811ac080 DEOPT PACKING pc=0x00000199f1ba6a0c sp=0x0000006a071fe670
Event: 1.276 Thread 0x00000199811ac080 DEOPT UNPACKING pc=0x00000199ea0ee42f sp=0x0000006a071fe600 mode 2
Event: 1.296 Thread 0x00000199811ac080 Uncommon trap: trap_request=0xffffff45 fr.pc=0x00000199f1bc7578 relative=0x00000000000000b8
Event: 1.296 Thread 0x00000199811ac080 Uncommon trap: reason=unstable_if action=reinterpret pc=0x00000199f1bc7578 method=java.lang.Math.max(FF)F @ 11 c2
Event: 1.296 Thread 0x00000199811ac080 DEOPT PACKING pc=0x00000199f1bc7578 sp=0x0000006a071fe670
Event: 1.296 Thread 0x00000199811ac080 DEOPT UNPACKING pc=0x00000199ea0ee42f sp=0x0000006a071fe600 mode 2
Event: 1.320 Thread 0x00000199811ac080 Uncommon trap: trap_request=0xffffff45 fr.pc=0x00000199f1b9bca4 relative=0x0000000000000064
Event: 1.320 Thread 0x00000199811ac080 Uncommon trap: reason=unstable_if action=reinterpret pc=0x00000199f1b9bca4 method=sun.net.www.ParseUtil.firstEncodeIndex(Ljava/lang/String;)I @ 51 c2
Event: 1.320 Thread 0x00000199811ac080 DEOPT PACKING pc=0x00000199f1b9bca4 sp=0x0000006a071fa4c0
Event: 1.320 Thread 0x00000199811ac080 DEOPT UNPACKING pc=0x00000199ea0ee42f sp=0x0000006a071fa448 mode 2

Classes unloaded (0 events):
No events

Classes redefined (0 events):
No events

Internal exceptions (0 events):
No events

Events (20 events):
Event: 0.922 loading class sun/net/DefaultProgressMeteringPolicy
Event: 0.922 loading class sun/net/ProgressMeteringPolicy
Event: 0.922 loading class sun/net/ProgressMeteringPolicy done
Event: 0.922 loading class sun/net/DefaultProgressMeteringPolicy done
Event: 0.922 loading class sun/nio/cs/StreamDecoder
Event: 0.922 loading class sun/nio/cs/StreamDecoder done
Event: 0.924 loading class java/util/NoSuchElementException
Event: 0.925 loading class java/util/NoSuchElementException done
Event: 0.925 loading class java/lang/NoSuchFieldError
Event: 0.925 loading class java/lang/NoSuchFieldError done
Event: 0.926 loading class jdk/internal/math/FloatingDecimal$ASCIIToBinaryBuffer
Event: 0.926 loading class jdk/internal/math/FloatingDecimal$ASCIIToBinaryBuffer done
Event: 0.944 Executing VM operation: G1CollectForAllocation
Event: 0.951 Executing VM operation: G1CollectForAllocation done
Event: 0.951 Executing VM operation: HandshakeAllThreads
Event: 0.953 Executing VM operation: HandshakeAllThreads done
Event: 1.024 Executing VM operation: G1CollectForAllocation
Event: 1.026 Executing VM operation: G1CollectForAllocation done
Event: 1.250 Executing VM operation: G1CollectForAllocation
Event: 1.256 Executing VM operation: G1CollectForAllocation done


Dynamic libraries:
0x00007ff7b91d0000 - 0x00007ff7b91df000 	C:\Program Files\Java\jdk-15.0.1\bin\java.exe
0x00007ffddcf90000 - 0x00007ffddd188000 	C:\WINDOWS\SYSTEM32\ntdll.dll
0x00007ffddc170000 - 0x00007ffddc22f000 	C:\WINDOWS\System32\KERNEL32.DLL
0x00007ffdda9f0000 - 0x00007ffddacc2000 	C:\WINDOWS\System32\KERNELBASE.dll
0x00007ffddae30000 - 0x00007ffddaf30000 	C:\WINDOWS\System32\ucrtbase.dll
0x00007ffdbef10000 - 0x00007ffdbef29000 	C:\Program Files\Java\jdk-15.0.1\bin\VCRUNTIME140.dll
0x00007ffdbeef0000 - 0x00007ffdbef08000 	C:\Program Files\Java\jdk-15.0.1\bin\jli.dll
0x00007ffddb5c0000 - 0x00007ffddb66e000 	C:\WINDOWS\System32\ADVAPI32.dll
0x00007ffddc470000 - 0x00007ffddc50e000 	C:\WINDOWS\System32\msvcrt.dll
0x00007ffddca00000 - 0x00007ffddca9c000 	C:\WINDOWS\System32\sechost.dll
0x00007ffddce20000 - 0x00007ffddcf45000 	C:\WINDOWS\System32\RPCRT4.dll
0x00007ffddc510000 - 0x00007ffddc6b1000 	C:\WINDOWS\System32\USER32.dll
0x00007ffdda880000 - 0x00007ffdda8a2000 	C:\WINDOWS\System32\win32u.dll
0x00007ffddc870000 - 0x00007ffddc89b000 	C:\WINDOWS\System32\GDI32.dll
0x00007ffdda8b0000 - 0x00007ffdda9bf000 	C:\WINDOWS\System32\gdi32full.dll
0x00007ffddaf30000 - 0x00007ffddafcd000 	C:\WINDOWS\System32\msvcp_win.dll
0x00007ffdcf6d0000 - 0x00007ffdcf96a000 	C:\WINDOWS\WinSxS\amd64_microsoft.windows.common-controls_6595b64144ccf1df_6.0.19041.1110_none_60b5254171f9507e\COMCTL32.dll
0x00007ffdd45a0000 - 0x00007ffdd45aa000 	C:\WINDOWS\SYSTEM32\VERSION.dll
0x00007ffddc120000 - 0x00007ffddc152000 	C:\WINDOWS\System32\IMM32.DLL
0x00007ffdd44a0000 - 0x00007ffdd44ac000 	C:\Program Files\Java\jdk-15.0.1\bin\vcruntime140_1.dll
0x00007ffdb4170000 - 0x00007ffdb4201000 	C:\Program Files\Java\jdk-15.0.1\bin\msvcp140.dll
0x00007ffd9a4a0000 - 0x00007ffd9affe000 	C:\Program Files\Java\jdk-15.0.1\bin\server\jvm.dll
0x00007ffddc160000 - 0x00007ffddc168000 	C:\WINDOWS\System32\PSAPI.DLL
0x00007ffdd9020000 - 0x00007ffdd9029000 	C:\WINDOWS\SYSTEM32\WSOCK32.dll
0x00007ffdcc4e0000 - 0x00007ffdcc507000 	C:\WINDOWS\SYSTEM32\WINMM.dll
0x00007ffddc930000 - 0x00007ffddc99b000 	C:\WINDOWS\System32\WS2_32.dll
0x00007ffdd91a0000 - 0x00007ffdd91b2000 	C:\WINDOWS\SYSTEM32\kernel.appcore.dll
0x00007ffdd3130000 - 0x00007ffdd313a000 	C:\Program Files\Java\jdk-15.0.1\bin\jimage.dll
0x00007ffdd8bf0000 - 0x00007ffdd8dd4000 	C:\WINDOWS\SYSTEM32\DBGHELP.DLL
0x00007ffdd2820000 - 0x00007ffdd2855000 	C:\WINDOWS\SYSTEM32\dbgcore.DLL
0x00007ffdda780000 - 0x00007ffdda802000 	C:\WINDOWS\System32\bcryptPrimitives.dll
0x00007ffdba5a0000 - 0x00007ffdba5c5000 	C:\Program Files\Java\jdk-15.0.1\bin\java.dll
0x00007ffddb670000 - 0x00007ffddbdb4000 	C:\WINDOWS\System32\SHELL32.dll
0x00007ffdd8330000 - 0x00007ffdd8ac2000 	C:\WINDOWS\SYSTEM32\windows.storage.dll
0x00007ffddcac0000 - 0x00007ffddce15000 	C:\WINDOWS\System32\combase.dll
0x00007ffdda000000 - 0x00007ffdda030000 	C:\WINDOWS\SYSTEM32\Wldp.dll
0x00007ffddbf10000 - 0x00007ffddbfbd000 	C:\WINDOWS\System32\SHCORE.dll
0x00007ffddbfc0000 - 0x00007ffddc015000 	C:\WINDOWS\System32\shlwapi.dll
0x00007ffdda5c0000 - 0x00007ffdda5df000 	C:\WINDOWS\SYSTEM32\profapi.dll
0x00007ffdbac20000 - 0x00007ffdbac39000 	C:\Program Files\Java\jdk-15.0.1\bin\net.dll
0x00007ffdd4de0000 - 0x00007ffdd4eec000 	C:\WINDOWS\SYSTEM32\WINHTTP.dll
0x00007ffdd9d60000 - 0x00007ffdd9dca000 	C:\WINDOWS\system32\mswsock.dll
0x00007ffdba580000 - 0x00007ffdba592000 	C:\Program Files\Java\jdk-15.0.1\bin\nio.dll
0x00007ffdb9960000 - 0x00007ffdb9978000 	C:\Program Files\Java\jdk-15.0.1\bin\zip.dll
0x000000006e700000 - 0x000000006e72a000 	C:\Users\Irek\AppData\Local\Temp\libgdxIrek\e1cd32f8\gdx64.dll
0x00007ffdd30b0000 - 0x00007ffdd30c0000 	C:\Program Files\Java\jdk-15.0.1\bin\verify.dll
0x0000000180000000 - 0x0000000180053000 	C:\Users\Irek\AppData\Local\Temp\libgdxIrek\1cecf4f6\lwjgl64.dll
0x00007ffdb8fe0000 - 0x00007ffdb9105000 	C:\WINDOWS\SYSTEM32\OPENGL32.dll
0x00007ffdc2420000 - 0x00007ffdc244c000 	C:\WINDOWS\SYSTEM32\GLU32.dll
0x0000019981620000 - 0x0000019981684000 	C:\Users\Irek\AppData\Local\Temp\libgdxIrek\1cecf4f6\OpenAL64.dll
0x00007ffddc290000 - 0x00007ffddc3ba000 	C:\WINDOWS\System32\ole32.dll
0x00007ffdd7c60000 - 0x00007ffdd7cfe000 	C:\WINDOWS\system32\uxtheme.dll
0x00007ffddc3c0000 - 0x00007ffddc46f000 	C:\WINDOWS\System32\clbcatq.dll
0x00007ffda76f0000 - 0x00007ffda778c000 	C:\WINDOWS\SYSTEM32\dsound.dll
0x00007ffdb1ed0000 - 0x00007ffdb1ef6000 	C:\WINDOWS\SYSTEM32\winmmbase.dll
0x00007ffdda440000 - 0x00007ffdda48b000 	C:\WINDOWS\SYSTEM32\powrprof.dll
0x00007ffdda220000 - 0x00007ffdda232000 	C:\WINDOWS\SYSTEM32\UMPDC.dll
0x00007ffdd0ff0000 - 0x00007ffdd1075000 	C:\WINDOWS\System32\MMDevApi.dll
0x00007ffdda3e0000 - 0x00007ffdda40c000 	C:\WINDOWS\System32\DEVOBJ.dll
0x00007ffdda730000 - 0x00007ffdda77e000 	C:\WINDOWS\System32\cfgmgr32.dll
0x00007ffdd10e0000 - 0x00007ffdd1262000 	C:\WINDOWS\SYSTEM32\AUDIOSES.DLL
0x00007ffddbe40000 - 0x00007ffddbf0d000 	C:\WINDOWS\System32\OLEAUT32.dll
0x00007ffdd7b90000 - 0x00007ffdd7ba4000 	C:\WINDOWS\SYSTEM32\resourcepolicyclient.dll
0x00007ffdd55d0000 - 0x00007ffdd567e000 	C:\WINDOWS\SYSTEM32\mscms.dll
0x00007ffdd4ef0000 - 0x00007ffdd4f01000 	C:\WINDOWS\SYSTEM32\ColorAdapterClient.dll
0x00007ffdda540000 - 0x00007ffdda56e000 	C:\WINDOWS\SYSTEM32\USERENV.dll
0x00007ffdbf890000 - 0x00007ffdbf8d3000 	C:\Windows\System32\Windows.Internal.Graphics.Display.DisplayColorManagement.dll
0x00007ffddb4a0000 - 0x00007ffddb5b5000 	C:\WINDOWS\System32\MSCTF.dll
0x00007ffdc19c0000 - 0x00007ffdc1ab9000 	C:\WINDOWS\SYSTEM32\textinputframework.dll
0x00007ffdd7580000 - 0x00007ffdd78de000 	C:\WINDOWS\System32\CoreUIComponents.dll
0x00007ffdd7300000 - 0x00007ffdd73f2000 	C:\WINDOWS\System32\CoreMessaging.dll
0x00007ffdd9730000 - 0x00007ffdd9763000 	C:\WINDOWS\SYSTEM32\ntmarta.dll
0x00007ffdd6bc0000 - 0x00007ffdd6d14000 	C:\WINDOWS\SYSTEM32\wintypes.dll
0x00007ffdd3900000 - 0x00007ffdd39f7000 	C:\Windows\System32\AppXDeploymentClient.dll
0x00007ffd95e10000 - 0x00007ffd96ccf000 	C:\WINDOWS\System32\DriverStore\FileRepository\ki127176.inf_amd64_86c658cabfb17c9c\ig9icd64.dll
0x00007ffdd8f00000 - 0x00007ffdd8ff3000 	C:\WINDOWS\SYSTEM32\dxgi.dll
0x00007ffdd9000000 - 0x00007ffdd9014000 	C:\WINDOWS\SYSTEM32\WTSAPI32.dll
0x00007ffdd7f70000 - 0x00007ffdd7f9f000 	C:\WINDOWS\SYSTEM32\dwmapi.dll
0x00007ffdbf910000 - 0x00007ffdbf94b000 	C:\WINDOWS\SYSTEM32\dxcore.dll
0x00007ffdce5c0000 - 0x00007ffdce603000 	C:\WINDOWS\SYSTEM32\icm32.dll
0x00007ffdbbaa0000 - 0x00007ffdbd835000 	C:\WINDOWS\System32\DriverStore\FileRepository\ki127176.inf_amd64_86c658cabfb17c9c\igc64.dll
0x000000006fb00000 - 0x000000006fff3000 	C:\Users\Irek\AppData\Local\Temp\libgdxIrek\228b2c81\gdx-bullet64.dll

dbghelp: loaded successfully - version: 4.0.5 - missing functions: none
symbol engine: initialized successfully - sym options: 0x614 - pdb path: .;C:\Program Files\Java\jdk-15.0.1\bin;C:\WINDOWS\SYSTEM32;C:\WINDOWS\WinSxS\amd64_microsoft.windows.common-controls_6595b64144ccf1df_6.0.19041.1110_none_60b5254171f9507e;C:\Program Files\Java\jdk-15.0.1\bin\server;C:\Users\Irek\AppData\Local\Temp\libgdxIrek\e1cd32f8;C:\Users\Irek\AppData\Local\Temp\libgdxIrek\1cecf4f6;C:\WINDOWS\System32\DriverStore\FileRepository\ki127176.inf_amd64_86c658cabfb17c9c;C:\Users\Irek\AppData\Local\Temp\libgdxIrek\228b2c81

VM Arguments:
jvm_args: -Dfile.encoding=windows-1250 -Duser.country=PL -Duser.language=pl -Duser.variant 
java_command: com.mygdx.game.desktop.DesktopLauncher
java_class_path (initial): C:\Users\Irek\Desktop\libgdxgames\Budlo\desktop\build\classes\java\main;C:\Users\Irek\Desktop\libgdxgames\Budlo\desktop\build\resources\main;C:\Users\Irek\.gradle\caches\modules-2\files-2.1\com.badlogicgames.gdx\gdx-backend-lwjgl\1.10.0\58ff89d9e4fd8a82591367f187d606e781cacc05\gdx-backend-lwjgl-1.10.0.jar;C:\Users\Irek\.gradle\caches\modules-2\files-2.1\com.badlogicgames.gdx\gdx-platform\1.10.0\9a8fa793d2fd6d360afc6c9e4c1f5583da263b88\gdx-platform-1.10.0-natives-desktop.jar;C:\Users\Irek\.gradle\caches\modules-2\files-2.1\com.badlogicgames.gdx\gdx-bullet-platform\1.10.0\ce92e8dfc762523d769cbc50853163c03bf98cf1\gdx-bullet-platform-1.10.0-natives-desktop.jar;C:\Users\Irek\.gradle\caches\modules-2\files-2.1\com.badlogicgames.gdx\gdx-freetype-platform\1.10.0\6e5d28752759e69384f12e4569d2c884ff71352f\gdx-freetype-platform-1.10.0-natives-desktop.jar;C:\Users\Irek\Desktop\libgdxgames\Budlo\core\build\libs\core-1.0.jar;C:\Users\Irek\.gradle\caches\modules-2\files-2.1\com.badlogicgames.gdx\gdx-bullet\1.10.0\839b58c7278f5c3b55291c3a559d91227400ecdb\gdx-bullet-1.10.0.jar;C:\Users\Irek\.gradle\caches\modules-2\files-2.1\com.badlogicgames.gdx\gdx-freetype\1.10.0\de1d0d5c1e92e8d91364256fd6b7bb279d3e9859\gdx-freetype-1.10.0.jar;C:\Users\Irek\.gradle\caches\modules-2\files-2.1\com.badlogicgames.gdx\gdx\1.10.0\74c240f79dc4fb6b766a834249600d0a019d0489\gdx-1.10.0.jar;C:\Users\Irek\.gradle\caches\modules-2\files-2.1\org.lwjgl.lwjgl\lwjgl_util\2.9.3\751f06b62424da056954c67288fd5c494431e350\lwjgl_util-2.9.3.jar;C:\Users\Irek\.gradle\caches\modules-2\files-2.1\org.lwjgl.lwjgl\lwjgl\2.9.3\3df168ac74e4a8c96562cdff24ad352e255bf89c\lwjgl-2.9.3.jar;C:\Users\Irek\.gradle\caches\modules-2\files-2.1\com.badlogicgames.jlayer\jlayer\1.0.1-gdx\7cca83cec5c1b2f011362f4d85aabd71a73b049d\jlayer-1.0.1-gdx.jar;C:\Users\Irek\.gradle\caches\modules-2\files-2.1\org.jcraft\jorbis\0.0.17\8872d22b293e8f5d7d56ff92be966e6dc28ebdc6\jorbis-0.0.17.jar;C:\Users\Irek\.gradle\caches\modules-
Launcher Type: SUN_STANDARD

[Global flags]
     intx CICompilerCount                          = 3                                         {product} {ergonomic}
     uint ConcGCThreads                            = 1                                         {product} {ergonomic}
     uint G1ConcRefinementThreads                  = 4                                         {product} {ergonomic}
   size_t G1HeapRegionSize                         = 1048576                                   {product} {ergonomic}
    uintx GCDrainStackTargetSize                   = 64                                        {product} {ergonomic}
   size_t InitialHeapSize                          = 132120576                                 {product} {ergonomic}
   size_t MarkStackSize                            = 4194304                                   {product} {ergonomic}
   size_t MaxHeapSize                              = 2113929216                                {product} {ergonomic}
   size_t MaxNewSize                               = 1267728384                                {product} {ergonomic}
   size_t MinHeapDeltaBytes                        = 1048576                                   {product} {ergonomic}
   size_t MinHeapSize                              = 8388608                                   {product} {ergonomic}
    uintx NonNMethodCodeHeapSize                   = 5832780                                {pd product} {ergonomic}
    uintx NonProfiledCodeHeapSize                  = 122912730                              {pd product} {ergonomic}
    uintx ProfiledCodeHeapSize                     = 122912730                              {pd product} {ergonomic}
    uintx ReservedCodeCacheSize                    = 251658240                              {pd product} {ergonomic}
     bool SegmentedCodeCache                       = true                                      {product} {ergonomic}
   size_t SoftMaxHeapSize                          = 2113929216                             {manageable} {ergonomic}
     bool UseCompressedClassPointers               = true                                 {lp64_product} {ergonomic}
     bool UseCompressedOops                        = true                                 {lp64_product} {ergonomic}
     bool UseG1GC                                  = true                                      {product} {ergonomic}
     bool UseLargePagesIndividualAllocation        = false                                  {pd product} {ergonomic}

Logging:
Log output configuration:
 #0: stdout all=warning uptime,level,tags
 #1: stderr all=off uptime,level,tags

Environment Variables:
PATH=C:\ProgramData\Oracle\Java\javapath;C:\Program Files\Common Files\Oracle\Java\javapath;C:\Program Files (x86)\Intel\iCLS Client\;C:\Program Files\Intel\iCLS Client\;C:\Windows\system32;C:\Windows;C:\Windows\System32\Wbem;C:\Windows\System32\WindowsPowerShell\v1.0\;C:\Program Files (x86)\Intel\Intel(R) Management Engine Components\DAL;C:\Program Files\Intel\Intel(R) Management Engine Components\DAL;C:\Program Files (x86)\Intel\Intel(R) Management Engine Components\IPT;C:\Program Files\Intel\Intel(R) Management Engine Components\IPT;C:\Program Files (x86)\NVIDIA Corporation\PhysX\Common;C:\WINDOWS\system32;C:\WINDOWS;C:\WINDOWS\System32\Wbem;C:\WINDOWS\System32\WindowsPowerShell\v1.0\;C:\WINDOWS\System32\OpenSSH\;C:\Program Files\NVIDIA Corporation\NVIDIA NvDLISR;C:\WINDOWS\system32;C:\WINDOWS;C:\WINDOWS\System32\Wbem;C:\WINDOWS\System32\WindowsPowerShell\v1.0\;C:\WINDOWS\System32\OpenSSH\;C:\Program Files\Intel\WiFi\bin\;C:\Program Files\Common Files\Intel\WirelessCommon\;C:\Program Files\nodejs\;C:\Program Files\Git\cmd;C:\Program Files\mingw64\bin;C:\Users\Irek\AppData\Local\Microsoft\WindowsApps;;D:\Sphinx 4.0\;C:\Users\Irek\AppData\Local\Programs\Microsoft VS Code\bin;C:\Users\Irek\AppData\Roaming\npm
USERNAME=Irek
OS=Windows_NT
PROCESSOR_IDENTIFIER=Intel64 Family 6 Model 94 Stepping 3, GenuineIntel



---------------  S Y S T E M  ---------------

OS:
 Windows 10 , 64 bit Build 19041 (10.0.19041.2364)
OS uptime: 1 days 7:46 hours

CPU: total 4 (initial active 4) (4 cores per cpu, 1 threads per core) family 6 model 94 stepping 3 microcode 0xcc, cmov, cx8, fxsr, mmx, sse, sse2, sse3, ssse3, sse4.1, sse4.2, popcnt, vzeroupper, avx, avx2, aes, clmul, erms, rtm, 3dnowpref, lzcnt, tsc, tscinvbit, bmi1, bmi2, adx, fma, clflush, clflushopt

Memory: 4k page, system-wide physical 8060M (2684M free)
TotalPageFile size 9340M (AvailPageFile size 3821M)
current process WorkingSet (physical memory assigned to process): 183M, peak: 190M
current process commit charge ("private bytes"): 245M, peak: 254M

vm_info: Java HotSpot(TM) 64-Bit Server VM (15.0.1+9-18) for windows-amd64 JRE (15.0.1+9-18), built on Sep 15 2020 14:43:54 by "mach5one" with unknown MS VC++:1925

END.
