#
# A fatal error has been detected by the Java Runtime Environment:
#
#  EXCEPTION_ACCESS_VIOLATION (0xc0000005) at pc=0x000000006fb68ec8, pid=1572, tid=8768
#
# JRE version: Java(TM) SE Runtime Environment (15.0.1+9) (build 15.0.1+9-18)
# Java VM: Java HotSpot(TM) 64-Bit Server VM (15.0.1+9-18, mixed mode, sharing, tiered, compressed oops, g1 gc, windows-amd64)
# Problematic frame:
# C  [gdx-bullet64.dll+0x68ec8]
#
# No core dump will be written. Minidumps are not enabled by default on client versions of Windows
#
# If you would like to submit a bug report, please visit:
#   https://bugreport.java.com/bugreport/crash.jsp
# The crash happened outside the Java Virtual Machine in native code.
# See problematic frame for where to report the bug.
#

---------------  S U M M A R Y ------------

Command Line: -Dfile.encoding=windows-1250 -Duser.country=PL -Duser.language=pl -Duser.variant com.mygdx.game.desktop.DesktopLauncher

Host: Intel(R) Core(TM) i5-6300HQ CPU @ 2.30GHz, 4 cores, 7G,  Windows 10 , 64 bit Build 19041 (10.0.19041.2364)
Time: Fri Dec 16 13:17:05 2022 Œrodkowoeuropejski czas stand. elapsed time: 1.280782 seconds (0d 0h 0m 1s)

---------------  T H R E A D  ---------------

Current thread (0x00000257eeed0ae0):  JavaThread "LWJGL Application" [_thread_in_native, id=8768, stack(0x000000b3f1700000,0x000000b3f1800000)]

Stack: [0x000000b3f1700000,0x000000b3f1800000],  sp=0x000000b3f17fe520,  free space=1017k
Native frames: (J=compiled Java code, j=interpreted, Vv=VM code, C=native code)
C  [gdx-bullet64.dll+0x68ec8]

Java frames: (J=compiled Java code, j=interpreted, Vv=VM code)
j  com.badlogic.gdx.physics.bullet.collision.CollisionJNI.new_btBvhTriangleMeshShape__SWIG_1(ZJLcom/badlogic/gdx/physics/bullet/collision/btStridingMeshInterface;Z)J+0
j  com.badlogic.gdx.physics.bullet.collision.btBvhTriangleMeshShape.<init>(ZLcom/badlogic/gdx/physics/bullet/collision/btStridingMeshInterface;Z)V+8
j  com.badlogic.gdx.physics.bullet.collision.btBvhTriangleMeshShape.<init>(ILcom/badlogic/gdx/physics/bullet/collision/btStridingMeshInterface;Z)V+4
j  com.badlogic.gdx.physics.bullet.collision.btBvhTriangleMeshShape.<init>(Lcom/badlogic/gdx/utils/Array;Z)V+7
j  com.badlogic.gdx.physics.bullet.collision.btBvhTriangleMeshShape.<init>(Lcom/badlogic/gdx/utils/Array;)V+3
j  com.mygdx.game.world.objects.Ground.<init>(Lcom/badlogic/gdx/physics/bullet/dynamics/btDynamicsWorld;Lcom/badlogic/gdx/assets/loaders/ModelLoader;)V+23
j  com.mygdx.game.world.World.createStaff()V+32
j  com.mygdx.game.world.World.<init>()V+83
j  com.mygdx.game.screens.GameScreen.show()V+5
j  com.badlogic.gdx.Game.setScreen(Lcom/badlogic/gdx/Screen;)V+32
j  com.mygdx.game.Start.create()V+9
j  com.badlogic.gdx.backends.lwjgl.LwjglApplication.mainLoop()V+29
j  com.badlogic.gdx.backends.lwjgl.LwjglApplication$1.run()V+27
v  ~StubRoutines::call_stub

siginfo: EXCEPTION_ACCESS_VIOLATION (0xc0000005), reading address 0x00000257efb6f000


Register to memory mapping:

RIP=0x000000006fb68ec8 gdx-bullet64.dll
RAX=0x00000257efb6effc points into unknown readable memory: 00 00 00 00
RBX=0x000000b3f17fe730 is pointing into the stack for thread: 0x00000257eeed0ae0
RCX=0x00000257f7261040 points into unknown readable memory: 0x3dcccccdc0a00000 | 00 00 a0 c0 cd cc cc 3d
RDX=0x0000000000000020 is an unknown value
RSP=0x000000b3f17fe520 is pointing into the stack for thread: 0x00000257eeed0ae0
RBP=0x000000006fb67e50 gdx-bullet64.dll
RSI=0x0 is NULL
RDI=0x00000257efb6bab0 points into unknown readable memory: 0x000000006fe7dc10 | 10 dc e7 6f 00 00 00 00
R8 =0x00000257f7261040 points into unknown readable memory: 0x3dcccccdc0a00000 | 00 00 a0 c0 cd cc cc 3d
R9 =0x00000000000008e9 is an unknown value
R10=0x000000006fdbaac0 gdx-bullet64.dll
R11=0x000000b3f17fe604 is pointing into the stack for thread: 0x00000257eeed0ae0
R12=0x000000b3f17fe5c8 is pointing into the stack for thread: 0x00000257eeed0ae0
R13=0x000000b3f17fe5dc is pointing into the stack for thread: 0x00000257eeed0ae0
R14=0x000000b3f17fe5d0 is pointing into the stack for thread: 0x00000257eeed0ae0
R15=0x00000000000008ea is an unknown value


Registers:
RAX=0x00000257efb6effc, RBX=0x000000b3f17fe730, RCX=0x00000257f7261040, RDX=0x0000000000000020
RSP=0x000000b3f17fe520, RBP=0x000000006fb67e50, RSI=0x0000000000000000, RDI=0x00000257efb6bab0
R8 =0x00000257f7261040, R9 =0x00000000000008e9, R10=0x000000006fdbaac0, R11=0x000000b3f17fe604
R12=0x000000b3f17fe5c8, R13=0x000000b3f17fe5dc, R14=0x000000b3f17fe5d0, R15=0x00000000000008ea
RIP=0x000000006fb68ec8, EFLAGS=0x0000000000010202

Top of Stack: (sp=0x000000b3f17fe520)
0x000000b3f17fe520:   000000b3f17fe600 00007ffd9ac7ca28
0x000000b3f17fe530:   0000000000000000 0000025700000000
0x000000b3f17fe540:   000000b3f17fe5d4 000000b3f17fe5e8
0x000000b3f17fe550:   000000b3f17fe5c8 000000b3f17fe5dc
0x000000b3f17fe560:   000000b3f17fe5d0 00007ffd00000000
0x000000b3f17fe570:   0000000000000000 3f80000000000000
0x000000b3f17fe580:   000000013f800000 000000b3f17fe5cc
0x000000b3f17fe590:   000000b3f17fe5d4 000000b3f17fe5d8
0x000000b3f17fe5a0:   000000b3f17fe5e0 000000b3f17fe5e8
0x000000b3f17fe5b0:   000002573f800000 000000b3f17fe5f0
0x000000b3f17fe5c0:   000000b3f17fe8a0 0000000000000006
0x000000b3f17fe5d0:   0000002000000003 00006b1c00014154
0x000000b3f17fe5e0:   00000257f7261040 00000257efb6ba80
0x000000b3f17fe5f0:   3dcccccdc0a00000 0000000040a00000
0x000000b3f17fe600:   3dcccccdc0a00000 0000000040a00000
0x000000b3f17fe610:   3dcccccdc0a00000 0000000040a00000 

Instructions: (pc=0x000000006fb68ec8)
0x000000006fb68dc8:   44 0f 11 43 1c 0f 2e fc 76 05 f3 0f 11 7b 20 66
0x000000006fb68dd8:   0f ef ff 0f 2e fb 76 07 c7 43 24 00 00 00 00 41
0x000000006fb68de8:   83 c7 01 44 39 bc 24 bc 00 00 00 0f 8e d7 f3 ff
0x000000006fb68df8:   ff 8b 84 24 a8 00 00 00 8b 94 24 b4 00 00 00 4c
0x000000006fb68e08:   8b 84 24 c0 00 00 00 f3 0f 10 bc 24 90 00 00 00
0x000000006fb68e18:   f3 44 0f 10 44 24 5c 41 0f af c7 48 98 48 03 84
0x000000006fb68e28:   24 c8 00 00 00 0f b7 08 0f af ca 48 63 c9 4c 01
0x000000006fb68e38:   c1 f3 0f 10 59 08 f3 0f 10 61 04 f3 0f 59 df f3
0x000000006fb68e48:   0f 10 29 f3 41 0f 59 e0 c7 84 24 dc 00 00 00 00
0x000000006fb68e58:   00 00 00 f3 0f 59 ee f3 0f 11 9c 24 d8 00 00 00
0x000000006fb68e68:   f3 0f 11 a4 24 d4 00 00 00 f3 0f 11 ac 24 d0 00
0x000000006fb68e78:   00 00 0f b7 48 02 0f af ca 48 63 c9 4c 01 c1 f3
0x000000006fb68e88:   0f 10 41 08 f3 0f 10 49 04 f3 0f 59 c7 f3 0f 10
0x000000006fb68e98:   11 f3 41 0f 59 c8 c7 84 24 ec 00 00 00 00 00 00
0x000000006fb68ea8:   00 f3 0f 59 d6 f3 0f 11 84 24 e8 00 00 00 f3 0f
0x000000006fb68eb8:   11 8c 24 e4 00 00 00 f3 0f 11 94 24 e0 00 00 00
0x000000006fb68ec8:   0f b7 40 04 0f af d0 48 63 d2 49 8d 04 10 f3 0f
0x000000006fb68ed8:   59 78 08 f3 44 0f 10 08 f3 44 0f 59 40 04 48 8b
0x000000006fb68ee8:   03 f3 44 0f 59 ce c7 84 24 fc 00 00 00 00 00 00
0x000000006fb68ef8:   00 f3 44 0f 11 8c 24 f0 00 00 00 f3 44 0f 11 84
0x000000006fb68f08:   24 f4 00 00 00 f3 0f 11 bc 24 f8 00 00 00 48 8b
0x000000006fb68f18:   40 10 48 39 e8 0f 84 2d fd ff ff 45 89 f9 41 89
0x000000006fb68f28:   f0 48 8b 94 24 98 00 00 00 48 89 d9 ff d0 e9 ac
0x000000006fb68f38:   fe ff ff 0f 1f 44 00 00 8b 8c 24 bc 00 00 00 85
0x000000006fb68f48:   c9 0f 8e 81 f2 ff ff 48 8d 84 24 d0 00 00 00 45
0x000000006fb68f58:   31 ff 48 8d 2d ef ee ff ff 66 0f ef ff 48 89 84
0x000000006fb68f68:   24 90 00 00 00 e9 8c 01 00 00 f3 44 0f 10 7b 08
0x000000006fb68f78:   44 0f 2e fd 76 09 f3 0f 11 6b 08 44 0f 28 fd f3
0x000000006fb68f88:   44 0f 10 73 0c 44 0f 2e f4 76 09 f3 0f 11 63 0c
0x000000006fb68f98:   44 0f 28 f4 f3 44 0f 10 6b 10 44 0f 2e eb 76 09
0x000000006fb68fa8:   f3 0f 11 5b 10 44 0f 28 eb f3 44 0f 10 63 14 44
0x000000006fb68fb8:   0f 2e e7 76 0b 44 0f 28 e7 c7 43 14 00 00 00 00 


Stack slot to memory mapping:
stack at sp + 0 slots: 0x000000b3f17fe600 is pointing into the stack for thread: 0x00000257eeed0ae0
stack at sp + 1 slots: 0x00007ffd9ac7ca28 jvm.dll
stack at sp + 2 slots: 0x0 is NULL
stack at sp + 3 slots: 0x0000025700000000 is an unknown value
stack at sp + 4 slots: 0x000000b3f17fe5d4 is pointing into the stack for thread: 0x00000257eeed0ae0
stack at sp + 5 slots: 0x000000b3f17fe5e8 is pointing into the stack for thread: 0x00000257eeed0ae0
stack at sp + 6 slots: 0x000000b3f17fe5c8 is pointing into the stack for thread: 0x00000257eeed0ae0
stack at sp + 7 slots: 0x000000b3f17fe5dc is pointing into the stack for thread: 0x00000257eeed0ae0


---------------  P R O C E S S  ---------------

Threads class SMR info:
_java_thread_list=0x00000257f5dabb40, length=13, elements={
0x00000257ee011750, 0x00000257ee012ac0, 0x00000257ee02ba70, 0x00000257ee02e440,
0x00000257ee02f690, 0x00000257ee031cd0, 0x00000257ee038420, 0x00000257ee03ce20,
0x00000257eea739d0, 0x00000257eea7b3a0, 0x00000257eeed0ae0, 0x00000257cfe55940,
0x00000257f5c792b0
}

Java Threads: ( => current thread )
  0x00000257ee011750 JavaThread "Reference Handler" daemon [_thread_blocked, id=6704, stack(0x000000b3f0a00000,0x000000b3f0b00000)]
  0x00000257ee012ac0 JavaThread "Finalizer" daemon [_thread_blocked, id=7896, stack(0x000000b3f0b00000,0x000000b3f0c00000)]
  0x00000257ee02ba70 JavaThread "Signal Dispatcher" daemon [_thread_blocked, id=6816, stack(0x000000b3f0c00000,0x000000b3f0d00000)]
  0x00000257ee02e440 JavaThread "Attach Listener" daemon [_thread_blocked, id=4052, stack(0x000000b3f0d00000,0x000000b3f0e00000)]
  0x00000257ee02f690 JavaThread "Service Thread" daemon [_thread_blocked, id=5560, stack(0x000000b3f0e00000,0x000000b3f0f00000)]
  0x00000257ee031cd0 JavaThread "C2 CompilerThread0" daemon [_thread_blocked, id=2856, stack(0x000000b3f0f00000,0x000000b3f1000000)]
  0x00000257ee038420 JavaThread "C1 CompilerThread0" daemon [_thread_blocked, id=3920, stack(0x000000b3f1000000,0x000000b3f1100000)]
  0x00000257ee03ce20 JavaThread "Sweeper thread" daemon [_thread_blocked, id=10608, stack(0x000000b3f1100000,0x000000b3f1200000)]
  0x00000257eea739d0 JavaThread "Notification Thread" daemon [_thread_blocked, id=1172, stack(0x000000b3f1200000,0x000000b3f1300000)]
  0x00000257eea7b3a0 JavaThread "Common-Cleaner" daemon [_thread_blocked, id=7004, stack(0x000000b3f1400000,0x000000b3f1500000)]
=>0x00000257eeed0ae0 JavaThread "LWJGL Application" [_thread_in_native, id=8768, stack(0x000000b3f1700000,0x000000b3f1800000)]
  0x00000257cfe55940 JavaThread "DestroyJavaVM" [_thread_blocked, id=5088, stack(0x000000b3f0300000,0x000000b3f0400000)]
  0x00000257f5c792b0 JavaThread "C2 CompilerThread1" daemon [_thread_blocked, id=3208, stack(0x000000b3f2000000,0x000000b3f2100000)]

Other Threads:
  0x00000257ee00d720 VMThread "VM Thread" [stack: 0x000000b3f0900000,0x000000b3f0a00000] [id=2528]
  0x00000257eea77eb0 WatcherThread [stack: 0x000000b3f1300000,0x000000b3f1400000] [id=892]
  0x00000257cfe94b00 GCTaskThread "GC Thread#0" [stack: 0x000000b3f0400000,0x000000b3f0500000] [id=8540]
  0x00000257ef0c6fe0 GCTaskThread "GC Thread#1" [stack: 0x000000b3f1d00000,0x000000b3f1e00000] [id=11908]
  0x00000257ef0c4670 GCTaskThread "GC Thread#2" [stack: 0x000000b3f1e00000,0x000000b3f1f00000] [id=8692]
  0x00000257ef0c5330 GCTaskThread "GC Thread#3" [stack: 0x000000b3f1f00000,0x000000b3f2000000] [id=9064]
  0x00000257cfea7180 ConcurrentGCThread "G1 Main Marker" [stack: 0x000000b3f0500000,0x000000b3f0600000] [id=11832]
  0x00000257cfea8d80 ConcurrentGCThread "G1 Conc#0" [stack: 0x000000b3f0600000,0x000000b3f0700000] [id=6656]
  0x00000257cff200c0 ConcurrentGCThread "G1 Refine#0" [stack: 0x000000b3f0700000,0x000000b3f0800000] [id=3952]
  0x00000257f61cac80 ConcurrentGCThread "G1 Refine#1" [stack: 0x000000b3f2100000,0x000000b3f2200000] [id=3040]
  0x00000257cff20cc0 ConcurrentGCThread "G1 Young RemSet Sampling" [stack: 0x000000b3f0800000,0x000000b3f0900000] [id=4768]

Threads with active compile tasks:

VM state: not at safepoint (normal execution)

VM Mutex/Monitor currently owned by a thread: None

Heap address: 0x0000000082000000, size: 2016 MB, Compressed Oops mode: 32-bit
CDS archive(s) mapped at: [0x0000000800000000-0x0000000800b50000-0x0000000800b50000), size 11862016, SharedBaseAddress: 0x0000000800000000, ArchiveRelocationMode: 0.
Compressed class space mapped at: 0x0000000800b50000-0x0000000840b50000, size: 1073741824
Narrow klass base: 0x0000000800000000, Narrow klass shift: 3, Narrow klass range: 0x100000000

GC Precious Log:
 CPUs: 4 total, 4 available
 Memory: 8060M
 Large Page Support: Disabled
 NUMA Support: Disabled
 Compressed Oops: Enabled (32-bit)
 Heap Region Size: 1M
 Heap Min Capacity: 8M
 Heap Initial Capacity: 126M
 Heap Max Capacity: 2016M
 Pre-touch: Disabled
 Parallel Workers: 4
 Concurrent Workers: 1
 Concurrent Refinement Workers: 4
 Periodic GC: Disabled

Heap:
 garbage-first heap   total 129024K, used 26322K [0x0000000082000000, 0x0000000100000000)
  region size 1024K, 18 young (18432K), 1 survivors (1024K)
 Metaspace       used 6423K, capacity 9342K, committed 9728K, reserved 1058816K
  class space    used 356K, capacity 649K, committed 768K, reserved 1048576K

Heap Regions: E=young(eden), S=young(survivor), O=old, HS=humongous(starts), HC=humongous(continues), CS=collection set, F=free, OA=open archive, CA=closed archive, TAMS=top-at-mark-start (previous, next)
|   0|0x0000000082000000, 0x0000000082100000, 0x0000000082100000|100%| O|  |TAMS 0x0000000082000000, 0x0000000082000000| Untracked 
|   1|0x0000000082100000, 0x00000000821cac00, 0x0000000082200000| 79%| O|  |TAMS 0x0000000082100000, 0x0000000082100000| Untracked 
|   2|0x0000000082200000, 0x0000000082300000, 0x0000000082300000|100%|HS|  |TAMS 0x0000000082200000, 0x0000000082200000| Complete 
|   3|0x0000000082300000, 0x0000000082400000, 0x0000000082400000|100%|HS|  |TAMS 0x0000000082300000, 0x0000000082300000| Complete 
|   4|0x0000000082400000, 0x0000000082500000, 0x0000000082500000|100%|HS|  |TAMS 0x0000000082400000, 0x0000000082400000| Complete 
|   5|0x0000000082500000, 0x0000000082600000, 0x0000000082600000|100%|HC|  |TAMS 0x0000000082500000, 0x0000000082500000| Complete 
|   6|0x0000000082600000, 0x0000000082700000, 0x0000000082700000|100%|HS|  |TAMS 0x0000000082600000, 0x0000000082600000| Complete 
|   7|0x0000000082700000, 0x0000000082800000, 0x0000000082800000|100%|HC|  |TAMS 0x0000000082700000, 0x0000000082700000| Complete 
|   8|0x0000000082800000, 0x0000000082900000, 0x0000000082900000|100%|HC|  |TAMS 0x0000000082800000, 0x0000000082800000| Complete 
|   9|0x0000000082900000, 0x0000000082900000, 0x0000000082a00000|  0%| F|  |TAMS 0x0000000082900000, 0x0000000082900000| Untracked 
|  10|0x0000000082a00000, 0x0000000082a00000, 0x0000000082b00000|  0%| F|  |TAMS 0x0000000082a00000, 0x0000000082a00000| Untracked 
|  11|0x0000000082b00000, 0x0000000082b00000, 0x0000000082c00000|  0%| F|  |TAMS 0x0000000082b00000, 0x0000000082b00000| Untracked 
|  12|0x0000000082c00000, 0x0000000082c00000, 0x0000000082d00000|  0%| F|  |TAMS 0x0000000082c00000, 0x0000000082c00000| Untracked 
|  13|0x0000000082d00000, 0x0000000082d00000, 0x0000000082e00000|  0%| F|  |TAMS 0x0000000082d00000, 0x0000000082d00000| Untracked 
|  14|0x0000000082e00000, 0x0000000082e00000, 0x0000000082f00000|  0%| F|  |TAMS 0x0000000082e00000, 0x0000000082e00000| Untracked 
|  15|0x0000000082f00000, 0x0000000082f00000, 0x0000000083000000|  0%| F|  |TAMS 0x0000000082f00000, 0x0000000082f00000| Untracked 
|  16|0x0000000083000000, 0x0000000083000000, 0x0000000083100000|  0%| F|  |TAMS 0x0000000083000000, 0x0000000083000000| Untracked 
|  17|0x0000000083100000, 0x0000000083100000, 0x0000000083200000|  0%| F|  |TAMS 0x0000000083100000, 0x0000000083100000| Untracked 
|  18|0x0000000083200000, 0x0000000083200000, 0x0000000083300000|  0%| F|  |TAMS 0x0000000083200000, 0x0000000083200000| Untracked 
|  19|0x0000000083300000, 0x0000000083300000, 0x0000000083400000|  0%| F|  |TAMS 0x0000000083300000, 0x0000000083300000| Untracked 
|  20|0x0000000083400000, 0x0000000083400000, 0x0000000083500000|  0%| F|  |TAMS 0x0000000083400000, 0x0000000083400000| Untracked 
|  21|0x0000000083500000, 0x0000000083500000, 0x0000000083600000|  0%| F|  |TAMS 0x0000000083500000, 0x0000000083500000| Untracked 
|  22|0x0000000083600000, 0x0000000083600000, 0x0000000083700000|  0%| F|  |TAMS 0x0000000083600000, 0x0000000083600000| Untracked 
|  23|0x0000000083700000, 0x0000000083700000, 0x0000000083800000|  0%| F|  |TAMS 0x0000000083700000, 0x0000000083700000| Untracked 
|  24|0x0000000083800000, 0x0000000083800000, 0x0000000083900000|  0%| F|  |TAMS 0x0000000083800000, 0x0000000083800000| Untracked 
|  25|0x0000000083900000, 0x0000000083900000, 0x0000000083a00000|  0%| F|  |TAMS 0x0000000083900000, 0x0000000083900000| Untracked 
|  26|0x0000000083a00000, 0x0000000083a00000, 0x0000000083b00000|  0%| F|  |TAMS 0x0000000083a00000, 0x0000000083a00000| Untracked 
|  27|0x0000000083b00000, 0x0000000083b00000, 0x0000000083c00000|  0%| F|  |TAMS 0x0000000083b00000, 0x0000000083b00000| Untracked 
|  28|0x0000000083c00000, 0x0000000083c00000, 0x0000000083d00000|  0%| F|  |TAMS 0x0000000083c00000, 0x0000000083c00000| Untracked 
|  29|0x0000000083d00000, 0x0000000083d00000, 0x0000000083e00000|  0%| F|  |TAMS 0x0000000083d00000, 0x0000000083d00000| Untracked 
|  30|0x0000000083e00000, 0x0000000083e00000, 0x0000000083f00000|  0%| F|  |TAMS 0x0000000083e00000, 0x0000000083e00000| Untracked 
|  31|0x0000000083f00000, 0x0000000083f00000, 0x0000000084000000|  0%| F|  |TAMS 0x0000000083f00000, 0x0000000083f00000| Untracked 
|  32|0x0000000084000000, 0x0000000084000000, 0x0000000084100000|  0%| F|  |TAMS 0x0000000084000000, 0x0000000084000000| Untracked 
|  33|0x0000000084100000, 0x0000000084100000, 0x0000000084200000|  0%| F|  |TAMS 0x0000000084100000, 0x0000000084100000| Untracked 
|  34|0x0000000084200000, 0x0000000084200000, 0x0000000084300000|  0%| F|  |TAMS 0x0000000084200000, 0x0000000084200000| Untracked 
|  35|0x0000000084300000, 0x0000000084300000, 0x0000000084400000|  0%| F|  |TAMS 0x0000000084300000, 0x0000000084300000| Untracked 
|  36|0x0000000084400000, 0x0000000084400000, 0x0000000084500000|  0%| F|  |TAMS 0x0000000084400000, 0x0000000084400000| Untracked 
|  37|0x0000000084500000, 0x0000000084500000, 0x0000000084600000|  0%| F|  |TAMS 0x0000000084500000, 0x0000000084500000| Untracked 
|  38|0x0000000084600000, 0x0000000084600000, 0x0000000084700000|  0%| F|  |TAMS 0x0000000084600000, 0x0000000084600000| Untracked 
|  39|0x0000000084700000, 0x0000000084700000, 0x0000000084800000|  0%| F|  |TAMS 0x0000000084700000, 0x0000000084700000| Untracked 
|  40|0x0000000084800000, 0x0000000084800000, 0x0000000084900000|  0%| F|  |TAMS 0x0000000084800000, 0x0000000084800000| Untracked 
|  41|0x0000000084900000, 0x0000000084900000, 0x0000000084a00000|  0%| F|  |TAMS 0x0000000084900000, 0x0000000084900000| Untracked 
|  42|0x0000000084a00000, 0x0000000084a00000, 0x0000000084b00000|  0%| F|  |TAMS 0x0000000084a00000, 0x0000000084a00000| Untracked 
|  43|0x0000000084b00000, 0x0000000084b00000, 0x0000000084c00000|  0%| F|  |TAMS 0x0000000084b00000, 0x0000000084b00000| Untracked 
|  44|0x0000000084c00000, 0x0000000084c00000, 0x0000000084d00000|  0%| F|  |TAMS 0x0000000084c00000, 0x0000000084c00000| Untracked 
|  45|0x0000000084d00000, 0x0000000084d00000, 0x0000000084e00000|  0%| F|  |TAMS 0x0000000084d00000, 0x0000000084d00000| Untracked 
|  46|0x0000000084e00000, 0x0000000084e00000, 0x0000000084f00000|  0%| F|  |TAMS 0x0000000084e00000, 0x0000000084e00000| Untracked 
|  47|0x0000000084f00000, 0x0000000084f00000, 0x0000000085000000|  0%| F|  |TAMS 0x0000000084f00000, 0x0000000084f00000| Untracked 
|  48|0x0000000085000000, 0x0000000085000000, 0x0000000085100000|  0%| F|  |TAMS 0x0000000085000000, 0x0000000085000000| Untracked 
|  49|0x0000000085100000, 0x0000000085100000, 0x0000000085200000|  0%| F|  |TAMS 0x0000000085100000, 0x0000000085100000| Untracked 
|  50|0x0000000085200000, 0x00000000852e9f70, 0x0000000085300000| 91%| S|CS|TAMS 0x0000000085200000, 0x0000000085200000| Complete 
|  51|0x0000000085300000, 0x0000000085300000, 0x0000000085400000|  0%| F|  |TAMS 0x0000000085300000, 0x0000000085300000| Untracked 
|  52|0x0000000085400000, 0x0000000085400000, 0x0000000085500000|  0%| F|  |TAMS 0x0000000085400000, 0x0000000085400000| Untracked 
|  53|0x0000000085500000, 0x0000000085500000, 0x0000000085600000|  0%| F|  |TAMS 0x0000000085500000, 0x0000000085500000| Untracked 
|  54|0x0000000085600000, 0x0000000085600000, 0x0000000085700000|  0%| F|  |TAMS 0x0000000085600000, 0x0000000085600000| Untracked 
|  55|0x0000000085700000, 0x0000000085700000, 0x0000000085800000|  0%| F|  |TAMS 0x0000000085700000, 0x0000000085700000| Untracked 
|  56|0x0000000085800000, 0x0000000085800000, 0x0000000085900000|  0%| F|  |TAMS 0x0000000085800000, 0x0000000085800000| Untracked 
|  57|0x0000000085900000, 0x0000000085900000, 0x0000000085a00000|  0%| F|  |TAMS 0x0000000085900000, 0x0000000085900000| Untracked 
|  58|0x0000000085a00000, 0x0000000085a00000, 0x0000000085b00000|  0%| F|  |TAMS 0x0000000085a00000, 0x0000000085a00000| Untracked 
|  59|0x0000000085b00000, 0x0000000085b00000, 0x0000000085c00000|  0%| F|  |TAMS 0x0000000085b00000, 0x0000000085b00000| Untracked 
|  60|0x0000000085c00000, 0x0000000085c00000, 0x0000000085d00000|  0%| F|  |TAMS 0x0000000085c00000, 0x0000000085c00000| Untracked 
|  61|0x0000000085d00000, 0x0000000085d00000, 0x0000000085e00000|  0%| F|  |TAMS 0x0000000085d00000, 0x0000000085d00000| Untracked 
|  62|0x0000000085e00000, 0x0000000085e00000, 0x0000000085f00000|  0%| F|  |TAMS 0x0000000085e00000, 0x0000000085e00000| Untracked 
|  63|0x0000000085f00000, 0x0000000085f00000, 0x0000000086000000|  0%| F|  |TAMS 0x0000000085f00000, 0x0000000085f00000| Untracked 
|  64|0x0000000086000000, 0x0000000086000000, 0x0000000086100000|  0%| F|  |TAMS 0x0000000086000000, 0x0000000086000000| Untracked 
|  65|0x0000000086100000, 0x0000000086100000, 0x0000000086200000|  0%| F|  |TAMS 0x0000000086100000, 0x0000000086100000| Untracked 
|  66|0x0000000086200000, 0x0000000086200000, 0x0000000086300000|  0%| F|  |TAMS 0x0000000086200000, 0x0000000086200000| Untracked 
|  67|0x0000000086300000, 0x0000000086300000, 0x0000000086400000|  0%| F|  |TAMS 0x0000000086300000, 0x0000000086300000| Untracked 
|  68|0x0000000086400000, 0x0000000086400000, 0x0000000086500000|  0%| F|  |TAMS 0x0000000086400000, 0x0000000086400000| Untracked 
|  69|0x0000000086500000, 0x0000000086500000, 0x0000000086600000|  0%| F|  |TAMS 0x0000000086500000, 0x0000000086500000| Untracked 
|  70|0x0000000086600000, 0x0000000086600000, 0x0000000086700000|  0%| F|  |TAMS 0x0000000086600000, 0x0000000086600000| Untracked 
|  71|0x0000000086700000, 0x0000000086700000, 0x0000000086800000|  0%| F|  |TAMS 0x0000000086700000, 0x0000000086700000| Untracked 
|  72|0x0000000086800000, 0x0000000086800000, 0x0000000086900000|  0%| F|  |TAMS 0x0000000086800000, 0x0000000086800000| Untracked 
|  73|0x0000000086900000, 0x0000000086900000, 0x0000000086a00000|  0%| F|  |TAMS 0x0000000086900000, 0x0000000086900000| Untracked 
|  74|0x0000000086a00000, 0x0000000086a00000, 0x0000000086b00000|  0%| F|  |TAMS 0x0000000086a00000, 0x0000000086a00000| Untracked 
|  75|0x0000000086b00000, 0x0000000086b00000, 0x0000000086c00000|  0%| F|  |TAMS 0x0000000086b00000, 0x0000000086b00000| Untracked 
|  76|0x0000000086c00000, 0x0000000086c00000, 0x0000000086d00000|  0%| F|  |TAMS 0x0000000086c00000, 0x0000000086c00000| Untracked 
|  77|0x0000000086d00000, 0x0000000086d00000, 0x0000000086e00000|  0%| F|  |TAMS 0x0000000086d00000, 0x0000000086d00000| Untracked 
|  78|0x0000000086e00000, 0x0000000086e00000, 0x0000000086f00000|  0%| F|  |TAMS 0x0000000086e00000, 0x0000000086e00000| Untracked 
|  79|0x0000000086f00000, 0x0000000086f00000, 0x0000000087000000|  0%| F|  |TAMS 0x0000000086f00000, 0x0000000086f00000| Untracked 
|  80|0x0000000087000000, 0x0000000087000000, 0x0000000087100000|  0%| F|  |TAMS 0x0000000087000000, 0x0000000087000000| Untracked 
|  81|0x0000000087100000, 0x0000000087100000, 0x0000000087200000|  0%| F|  |TAMS 0x0000000087100000, 0x0000000087100000| Untracked 
|  82|0x0000000087200000, 0x0000000087200000, 0x0000000087300000|  0%| F|  |TAMS 0x0000000087200000, 0x0000000087200000| Untracked 
|  83|0x0000000087300000, 0x0000000087300000, 0x0000000087400000|  0%| F|  |TAMS 0x0000000087300000, 0x0000000087300000| Untracked 
|  84|0x0000000087400000, 0x0000000087400000, 0x0000000087500000|  0%| F|  |TAMS 0x0000000087400000, 0x0000000087400000| Untracked 
|  85|0x0000000087500000, 0x0000000087500000, 0x0000000087600000|  0%| F|  |TAMS 0x0000000087500000, 0x0000000087500000| Untracked 
|  86|0x0000000087600000, 0x0000000087600000, 0x0000000087700000|  0%| F|  |TAMS 0x0000000087600000, 0x0000000087600000| Untracked 
|  87|0x0000000087700000, 0x0000000087700000, 0x0000000087800000|  0%| F|  |TAMS 0x0000000087700000, 0x0000000087700000| Untracked 
|  88|0x0000000087800000, 0x0000000087800000, 0x0000000087900000|  0%| F|  |TAMS 0x0000000087800000, 0x0000000087800000| Untracked 
|  89|0x0000000087900000, 0x0000000087900000, 0x0000000087a00000|  0%| F|  |TAMS 0x0000000087900000, 0x0000000087900000| Untracked 
|  90|0x0000000087a00000, 0x0000000087a00000, 0x0000000087b00000|  0%| F|  |TAMS 0x0000000087a00000, 0x0000000087a00000| Untracked 
|  91|0x0000000087b00000, 0x0000000087b00000, 0x0000000087c00000|  0%| F|  |TAMS 0x0000000087b00000, 0x0000000087b00000| Untracked 
|  92|0x0000000087c00000, 0x0000000087c00000, 0x0000000087d00000|  0%| F|  |TAMS 0x0000000087c00000, 0x0000000087c00000| Untracked 
|  93|0x0000000087d00000, 0x0000000087d00000, 0x0000000087e00000|  0%| F|  |TAMS 0x0000000087d00000, 0x0000000087d00000| Untracked 
|  94|0x0000000087e00000, 0x0000000087e00000, 0x0000000087f00000|  0%| F|  |TAMS 0x0000000087e00000, 0x0000000087e00000| Untracked 
|  95|0x0000000087f00000, 0x0000000087f00000, 0x0000000088000000|  0%| F|  |TAMS 0x0000000087f00000, 0x0000000087f00000| Untracked 
|  96|0x0000000088000000, 0x0000000088000000, 0x0000000088100000|  0%| F|  |TAMS 0x0000000088000000, 0x0000000088000000| Untracked 
|  97|0x0000000088100000, 0x0000000088100000, 0x0000000088200000|  0%| F|  |TAMS 0x0000000088100000, 0x0000000088100000| Untracked 
|  98|0x0000000088200000, 0x0000000088200000, 0x0000000088300000|  0%| F|  |TAMS 0x0000000088200000, 0x0000000088200000| Untracked 
|  99|0x0000000088300000, 0x0000000088300000, 0x0000000088400000|  0%| F|  |TAMS 0x0000000088300000, 0x0000000088300000| Untracked 
| 100|0x0000000088400000, 0x0000000088400000, 0x0000000088500000|  0%| F|  |TAMS 0x0000000088400000, 0x0000000088400000| Untracked 
| 101|0x0000000088500000, 0x0000000088500000, 0x0000000088600000|  0%| F|  |TAMS 0x0000000088500000, 0x0000000088500000| Untracked 
| 102|0x0000000088600000, 0x0000000088600000, 0x0000000088700000|  0%| F|  |TAMS 0x0000000088600000, 0x0000000088600000| Untracked 
| 103|0x0000000088700000, 0x0000000088700000, 0x0000000088800000|  0%| F|  |TAMS 0x0000000088700000, 0x0000000088700000| Untracked 
| 104|0x0000000088800000, 0x0000000088800000, 0x0000000088900000|  0%| F|  |TAMS 0x0000000088800000, 0x0000000088800000| Untracked 
| 105|0x0000000088900000, 0x0000000088900000, 0x0000000088a00000|  0%| F|  |TAMS 0x0000000088900000, 0x0000000088900000| Untracked 
| 106|0x0000000088a00000, 0x0000000088a00000, 0x0000000088b00000|  0%| F|  |TAMS 0x0000000088a00000, 0x0000000088a00000| Untracked 
| 107|0x0000000088b00000, 0x0000000088b00000, 0x0000000088c00000|  0%| F|  |TAMS 0x0000000088b00000, 0x0000000088b00000| Untracked 
| 108|0x0000000088c00000, 0x0000000088c00000, 0x0000000088d00000|  0%| F|  |TAMS 0x0000000088c00000, 0x0000000088c00000| Untracked 
| 109|0x0000000088d00000, 0x0000000088e00000, 0x0000000088e00000|100%| E|  |TAMS 0x0000000088d00000, 0x0000000088d00000| Complete 
| 110|0x0000000088e00000, 0x0000000088f00000, 0x0000000088f00000|100%| E|CS|TAMS 0x0000000088e00000, 0x0000000088e00000| Complete 
| 111|0x0000000088f00000, 0x0000000089000000, 0x0000000089000000|100%| E|CS|TAMS 0x0000000088f00000, 0x0000000088f00000| Complete 
| 112|0x0000000089000000, 0x0000000089100000, 0x0000000089100000|100%| E|CS|TAMS 0x0000000089000000, 0x0000000089000000| Complete 
| 113|0x0000000089100000, 0x0000000089200000, 0x0000000089200000|100%| E|CS|TAMS 0x0000000089100000, 0x0000000089100000| Complete 
| 114|0x0000000089200000, 0x0000000089300000, 0x0000000089300000|100%| E|CS|TAMS 0x0000000089200000, 0x0000000089200000| Complete 
| 115|0x0000000089300000, 0x0000000089400000, 0x0000000089400000|100%| E|CS|TAMS 0x0000000089300000, 0x0000000089300000| Complete 
| 116|0x0000000089400000, 0x0000000089500000, 0x0000000089500000|100%| E|CS|TAMS 0x0000000089400000, 0x0000000089400000| Complete 
| 117|0x0000000089500000, 0x0000000089600000, 0x0000000089600000|100%| E|CS|TAMS 0x0000000089500000, 0x0000000089500000| Complete 
| 118|0x0000000089600000, 0x0000000089700000, 0x0000000089700000|100%| E|CS|TAMS 0x0000000089600000, 0x0000000089600000| Complete 
| 119|0x0000000089700000, 0x0000000089800000, 0x0000000089800000|100%| E|CS|TAMS 0x0000000089700000, 0x0000000089700000| Complete 
| 120|0x0000000089800000, 0x0000000089900000, 0x0000000089900000|100%| E|CS|TAMS 0x0000000089800000, 0x0000000089800000| Complete 
| 121|0x0000000089900000, 0x0000000089a00000, 0x0000000089a00000|100%| E|CS|TAMS 0x0000000089900000, 0x0000000089900000| Complete 
| 122|0x0000000089a00000, 0x0000000089b00000, 0x0000000089b00000|100%| E|CS|TAMS 0x0000000089a00000, 0x0000000089a00000| Complete 
| 123|0x0000000089b00000, 0x0000000089c00000, 0x0000000089c00000|100%| E|CS|TAMS 0x0000000089b00000, 0x0000000089b00000| Complete 
| 124|0x0000000089c00000, 0x0000000089d00000, 0x0000000089d00000|100%| E|CS|TAMS 0x0000000089c00000, 0x0000000089c00000| Complete 
| 125|0x0000000089d00000, 0x0000000089e00000, 0x0000000089e00000|100%| E|CS|TAMS 0x0000000089d00000, 0x0000000089d00000| Complete 

Card table byte_map: [0x00000257e7480000,0x00000257e7870000] _byte_map_base: 0x00000257e7070000

Marking Bits (Prev, Next): (CMBitMap*) 0x00000257cfe96380, (CMBitMap*) 0x00000257cfe963c0
 Prev Bits: [0x00000257e7c60000, 0x00000257e9be0000)
 Next Bits: [0x00000257e9be0000, 0x00000257ebb60000)

Polling page: 0x00000257cf630000

Metaspace:

Usage:
  Non-class:      8.49 MB capacity,     5.92 MB ( 70%) used,     2.56 MB ( 30%) free+waste,     4.88 KB ( <1%) overhead. 
      Class:    649.00 KB capacity,   356.67 KB ( 55%) used,   291.45 KB ( 45%) free+waste,   896 bytes ( <1%) overhead. 
       Both:      9.12 MB capacity,     6.27 MB ( 69%) used,     2.84 MB ( 31%) free+waste,     5.75 KB ( <1%) overhead. 

Virtual space:
  Non-class space:       10.00 MB reserved,       8.75 MB ( 88%) committed 
      Class space:        1.00 GB reserved,     768.00 KB ( <1%) committed 
             Both:        1.01 GB reserved,       9.50 MB ( <1%) committed 

Chunk freelists:
   Non-Class:  139.00 KB
       Class:  23.00 KB
        Both:  162.00 KB

MaxMetaspaceSize: 17179869184.00 GB
CompressedClassSpaceSize: 1.00 GB

CodeHeap 'non-profiled nmethods': size=120000Kb used=372Kb max_used=372Kb free=119627Kb
 bounds [0x00000257dfb60000, 0x00000257dfdd0000, 0x00000257e7090000]
CodeHeap 'profiled nmethods': size=120000Kb used=1898Kb max_used=1898Kb free=118101Kb
 bounds [0x00000257d8630000, 0x00000257d88a0000, 0x00000257dfb60000]
CodeHeap 'non-nmethods': size=5760Kb used=1494Kb max_used=1517Kb free=4265Kb
 bounds [0x00000257d8090000, 0x00000257d8300000, 0x00000257d8630000]
 total_blobs=1720 nmethods=864 adapters=769
 compilation: enabled
              stopped_count=0, restarted_count=0
 full_count=0

Compilation events (20 events):
Event: 1.251 Thread 0x00000257ee038420 nmethod 861 0x00000257d8805a10 code [0x00000257d8805bc0, 0x00000257d8805ea8]
Event: 1.252 Thread 0x00000257ee038420  865       3       jdk.internal.loader.BuiltinClassLoader::defineClass (121 bytes)
Event: 1.252 Thread 0x00000257ee031cd0 nmethod 857 0x00000257dfbbbe10 code [0x00000257dfbbbfe0, 0x00000257dfbbc7f8]
Event: 1.253 Thread 0x00000257ee038420 nmethod 865 0x00000257d8805f90 code [0x00000257d8806280, 0x00000257d88075a8]
Event: 1.254 Thread 0x00000257ee038420  866       3       java.util.zip.ZipFile$ZipFileInflaterInputStream::<init> (14 bytes)
Event: 1.254 Thread 0x00000257ee038420 nmethod 866 0x00000257d8807b10 code [0x00000257d8807cc0, 0x00000257d8807e58]
Event: 1.255 Thread 0x00000257ee038420  867   !   3       java.util.zip.ZipFile$CleanableResource::getInflater (47 bytes)
Event: 1.255 Thread 0x00000257ee038420 nmethod 867 0x00000257d8807f90 code [0x00000257d8808160, 0x00000257d8808678]
Event: 1.255 Thread 0x00000257ee038420  868       3       java.util.ArrayDeque::poll (5 bytes)
Event: 1.255 Thread 0x00000257ee038420 nmethod 868 0x00000257d8808890 code [0x00000257d8808a40, 0x00000257d8808b68]
Event: 1.255 Thread 0x00000257ee038420  869       3       java.util.zip.ZipFile$ZipFileInflaterInputStream::<init> (41 bytes)
Event: 1.255 Thread 0x00000257ee038420 nmethod 869 0x00000257d8808c10 code [0x00000257d8808de0, 0x00000257d8809278]
Event: 1.255 Thread 0x00000257ee038420  870       3       java.util.zip.InflaterInputStream::<init> (79 bytes)
Event: 1.255 Thread 0x00000257ee038420 nmethod 870 0x00000257d8809410 code [0x00000257d8809600, 0x00000257d8809e38]
Event: 1.255 Thread 0x00000257ee038420  871       3       java.util.zip.ZipFile$InflaterCleanupAction::<init> (15 bytes)
Event: 1.256 Thread 0x00000257ee038420 nmethod 871 0x00000257d880a010 code [0x00000257d880a1c0, 0x00000257d880a3d8]
Event: 1.256 Thread 0x00000257ee038420  872       3       java.util.zip.ZipCoder$UTF8ZipCoder::hasTrailingSlash (20 bytes)
Event: 1.256 Thread 0x00000257ee038420 nmethod 872 0x00000257d880a490 code [0x00000257d880a620, 0x00000257d880a7d8]
Event: 1.256 Thread 0x00000257f5c792b0  873       4       java.io.WinNTFileSystem::normalize (143 bytes)
Event: 1.258 Thread 0x00000257f5c792b0 nmethod 873 0x00000257dfbbcc10 code [0x00000257dfbbcdc0, 0x00000257dfbbd068]

GC Heap History (6 events):
Event: 0.924 GC heap before
{Heap before GC invocations=0 (full 0):
 garbage-first heap   total 129024K, used 12288K [0x0000000082000000, 0x0000000100000000)
  region size 1024K, 13 young (13312K), 0 survivors (0K)
 Metaspace       used 5892K, capacity 8990K, committed 9344K, reserved 1058816K
  class space    used 310K, capacity 617K, committed 640K, reserved 1048576K
}
Event: 0.928 GC heap after
{Heap after GC invocations=1 (full 0):
 garbage-first heap   total 129024K, used 1963K [0x0000000082000000, 0x0000000100000000)
  region size 1024K, 2 young (2048K), 2 survivors (2048K)
 Metaspace       used 5892K, capacity 8990K, committed 9344K, reserved 1058816K
  class space    used 310K, capacity 617K, committed 640K, reserved 1048576K
}
Event: 0.996 GC heap before
{Heap before GC invocations=1 (full 0):
 garbage-first heap   total 129024K, used 18347K [0x0000000082000000, 0x0000000100000000)
  region size 1024K, 18 young (18432K), 2 survivors (2048K)
 Metaspace       used 6025K, capacity 8990K, committed 9344K, reserved 1058816K
  class space    used 311K, capacity 617K, committed 640K, reserved 1048576K
}
Event: 0.999 GC heap after
{Heap after GC invocations=2 (full 0):
 garbage-first heap   total 129024K, used 2214K [0x0000000082000000, 0x0000000100000000)
  region size 1024K, 1 young (1024K), 1 survivors (1024K)
 Metaspace       used 6025K, capacity 8990K, committed 9344K, reserved 1058816K
  class space    used 311K, capacity 617K, committed 640K, reserved 1048576K
}
Event: 1.190 GC heap before
{Heap before GC invocations=2 (full 0):
 garbage-first heap   total 129024K, used 82086K [0x0000000082000000, 0x0000000100000000)
  region size 1024K, 75 young (76800K), 1 survivors (1024K)
 Metaspace       used 6064K, capacity 8990K, committed 9344K, reserved 1058816K
  class space    used 311K, capacity 617K, committed 640K, reserved 1048576K
}
Event: 1.196 GC heap after
{Heap after GC invocations=3 (full 0):
 garbage-first heap   total 129024K, used 6866K [0x0000000082000000, 0x0000000100000000)
  region size 1024K, 1 young (1024K), 1 survivors (1024K)
 Metaspace       used 6064K, capacity 8990K, committed 9344K, reserved 1058816K
  class space    used 311K, capacity 617K, committed 640K, reserved 1048576K
}

Deoptimization events (20 events):
Event: 1.199 Thread 0x00000257eeed0ae0 DEOPT PACKING pc=0x00000257d87ab347 sp=0x000000b3f17fe500
Event: 1.199 Thread 0x00000257eeed0ae0 DEOPT UNPACKING pc=0x00000257d80de23f sp=0x000000b3f17fda68 mode 0
Event: 1.200 Thread 0x00000257eeed0ae0 DEOPT PACKING pc=0x00000257d87b9b87 sp=0x000000b3f17fe650
Event: 1.200 Thread 0x00000257eeed0ae0 DEOPT UNPACKING pc=0x00000257d80de23f sp=0x000000b3f17fdd70 mode 0
Event: 1.202 Thread 0x00000257eeed0ae0 DEOPT PACKING pc=0x00000257d87ab347 sp=0x000000b3f17fe550
Event: 1.202 Thread 0x00000257eeed0ae0 DEOPT UNPACKING pc=0x00000257d80de23f sp=0x000000b3f17fdab8 mode 0
Event: 1.208 Thread 0x00000257eeed0ae0 DEOPT PACKING pc=0x00000257d87d19a5 sp=0x000000b3f17fe6a0
Event: 1.208 Thread 0x00000257eeed0ae0 DEOPT UNPACKING pc=0x00000257d80de23f sp=0x000000b3f17fdd70 mode 0
Event: 1.213 Thread 0x00000257eeed0ae0 Uncommon trap: trap_request=0xffffff45 fr.pc=0x00000257dfb90ccc relative=0x0000000000000e2c
Event: 1.213 Thread 0x00000257eeed0ae0 Uncommon trap: reason=unstable_if action=reinterpret pc=0x00000257dfb90ccc method=java.io.BufferedReader.readLine(Z)Ljava/lang/String; @ 55 c2
Event: 1.213 Thread 0x00000257eeed0ae0 DEOPT PACKING pc=0x00000257dfb90ccc sp=0x000000b3f17fe5c0
Event: 1.213 Thread 0x00000257eeed0ae0 DEOPT UNPACKING pc=0x00000257d80de42f sp=0x000000b3f17fe550 mode 2
Event: 1.228 Thread 0x00000257eeed0ae0 Uncommon trap: trap_request=0xffffff45 fr.pc=0x00000257dfbb75f8 relative=0x00000000000000b8
Event: 1.228 Thread 0x00000257eeed0ae0 Uncommon trap: reason=unstable_if action=reinterpret pc=0x00000257dfbb75f8 method=java.lang.Math.max(FF)F @ 11 c2
Event: 1.228 Thread 0x00000257eeed0ae0 DEOPT PACKING pc=0x00000257dfbb75f8 sp=0x000000b3f17fe5b0
Event: 1.228 Thread 0x00000257eeed0ae0 DEOPT UNPACKING pc=0x00000257d80de42f sp=0x000000b3f17fe540 mode 2
Event: 1.249 Thread 0x00000257eeed0ae0 Uncommon trap: trap_request=0xffffff45 fr.pc=0x00000257dfb8ad24 relative=0x0000000000000064
Event: 1.249 Thread 0x00000257eeed0ae0 Uncommon trap: reason=unstable_if action=reinterpret pc=0x00000257dfb8ad24 method=sun.net.www.ParseUtil.firstEncodeIndex(Ljava/lang/String;)I @ 51 c2
Event: 1.249 Thread 0x00000257eeed0ae0 DEOPT PACKING pc=0x00000257dfb8ad24 sp=0x000000b3f17fa490
Event: 1.249 Thread 0x00000257eeed0ae0 DEOPT UNPACKING pc=0x00000257d80de42f sp=0x000000b3f17fa418 mode 2

Classes unloaded (0 events):
No events

Classes redefined (0 events):
No events

Internal exceptions (0 events):
No events

Events (20 events):
Event: 0.921 loading class sun/net/ProgressMonitor done
Event: 0.921 loading class sun/net/DefaultProgressMeteringPolicy
Event: 0.921 loading class sun/net/ProgressMeteringPolicy
Event: 0.921 loading class sun/net/ProgressMeteringPolicy done
Event: 0.921 loading class sun/net/DefaultProgressMeteringPolicy done
Event: 0.921 loading class sun/nio/cs/StreamDecoder
Event: 0.921 loading class sun/nio/cs/StreamDecoder done
Event: 0.923 loading class java/lang/NoSuchFieldError
Event: 0.923 Executing VM operation: G1CollectForAllocation
Event: 0.928 Executing VM operation: G1CollectForAllocation done
Event: 0.928 Executing VM operation: HandshakeAllThreads
Event: 0.928 Executing VM operation: HandshakeAllThreads done
Event: 0.928 loading class java/lang/NoSuchFieldError done
Event: 0.929 loading class jdk/internal/math/FloatingDecimal$ASCIIToBinaryBuffer
Event: 0.929 loading class jdk/internal/math/FloatingDecimal$ASCIIToBinaryBuffer done
Event: 0.967 Thread 0x00000257f5c792b0 Thread added: 0x00000257f5c792b0
Event: 0.996 Executing VM operation: G1CollectForAllocation
Event: 0.999 Executing VM operation: G1CollectForAllocation done
Event: 1.190 Executing VM operation: G1CollectForAllocation
Event: 1.196 Executing VM operation: G1CollectForAllocation done


Dynamic libraries:
0x00007ff727ae0000 - 0x00007ff727aef000 	C:\Program Files\Java\jdk-15.0.1\bin\java.exe
0x00007ffddcf90000 - 0x00007ffddd188000 	C:\WINDOWS\SYSTEM32\ntdll.dll
0x00007ffddc170000 - 0x00007ffddc22f000 	C:\WINDOWS\System32\KERNEL32.DLL
0x00007ffdda9f0000 - 0x00007ffddacc2000 	C:\WINDOWS\System32\KERNELBASE.dll
0x00007ffddae30000 - 0x00007ffddaf30000 	C:\WINDOWS\System32\ucrtbase.dll
0x00007ffdb6580000 - 0x00007ffdb6599000 	C:\Program Files\Java\jdk-15.0.1\bin\VCRUNTIME140.dll
0x00007ffdb26b0000 - 0x00007ffdb26c8000 	C:\Program Files\Java\jdk-15.0.1\bin\jli.dll
0x00007ffddb5c0000 - 0x00007ffddb66e000 	C:\WINDOWS\System32\ADVAPI32.dll
0x00007ffddc470000 - 0x00007ffddc50e000 	C:\WINDOWS\System32\msvcrt.dll
0x00007ffddca00000 - 0x00007ffddca9c000 	C:\WINDOWS\System32\sechost.dll
0x00007ffddce20000 - 0x00007ffddcf45000 	C:\WINDOWS\System32\RPCRT4.dll
0x00007ffddc510000 - 0x00007ffddc6b1000 	C:\WINDOWS\System32\USER32.dll
0x00007ffdda880000 - 0x00007ffdda8a2000 	C:\WINDOWS\System32\win32u.dll
0x00007ffddc870000 - 0x00007ffddc89b000 	C:\WINDOWS\System32\GDI32.dll
0x00007ffdcf6d0000 - 0x00007ffdcf96a000 	C:\WINDOWS\WinSxS\amd64_microsoft.windows.common-controls_6595b64144ccf1df_6.0.19041.1110_none_60b5254171f9507e\COMCTL32.dll
0x00007ffdda8b0000 - 0x00007ffdda9bf000 	C:\WINDOWS\System32\gdi32full.dll
0x00007ffddaf30000 - 0x00007ffddafcd000 	C:\WINDOWS\System32\msvcp_win.dll
0x00007ffdd45a0000 - 0x00007ffdd45aa000 	C:\WINDOWS\SYSTEM32\VERSION.dll
0x00007ffddc120000 - 0x00007ffddc152000 	C:\WINDOWS\System32\IMM32.DLL
0x00007ffdb5720000 - 0x00007ffdb572c000 	C:\Program Files\Java\jdk-15.0.1\bin\vcruntime140_1.dll
0x00007ffdaf020000 - 0x00007ffdaf0b1000 	C:\Program Files\Java\jdk-15.0.1\bin\msvcp140.dll
0x00007ffd9a4a0000 - 0x00007ffd9affe000 	C:\Program Files\Java\jdk-15.0.1\bin\server\jvm.dll
0x00007ffddc160000 - 0x00007ffddc168000 	C:\WINDOWS\System32\PSAPI.DLL
0x00007ffdcc4e0000 - 0x00007ffdcc507000 	C:\WINDOWS\SYSTEM32\WINMM.dll
0x00007ffdd9020000 - 0x00007ffdd9029000 	C:\WINDOWS\SYSTEM32\WSOCK32.dll
0x00007ffddc930000 - 0x00007ffddc99b000 	C:\WINDOWS\System32\WS2_32.dll
0x00007ffdd91a0000 - 0x00007ffdd91b2000 	C:\WINDOWS\SYSTEM32\kernel.appcore.dll
0x00007ffdb41a0000 - 0x00007ffdb41aa000 	C:\Program Files\Java\jdk-15.0.1\bin\jimage.dll
0x00007ffdd8bf0000 - 0x00007ffdd8dd4000 	C:\WINDOWS\SYSTEM32\DBGHELP.DLL
0x00007ffdd2820000 - 0x00007ffdd2855000 	C:\WINDOWS\SYSTEM32\dbgcore.DLL
0x00007ffdda780000 - 0x00007ffdda802000 	C:\WINDOWS\System32\bcryptPrimitives.dll
0x00007ffdae850000 - 0x00007ffdae875000 	C:\Program Files\Java\jdk-15.0.1\bin\java.dll
0x00007ffddb670000 - 0x00007ffddbdb4000 	C:\WINDOWS\System32\SHELL32.dll
0x00007ffdd8330000 - 0x00007ffdd8ac2000 	C:\WINDOWS\SYSTEM32\windows.storage.dll
0x00007ffddcac0000 - 0x00007ffddce15000 	C:\WINDOWS\System32\combase.dll
0x00007ffdda000000 - 0x00007ffdda030000 	C:\WINDOWS\SYSTEM32\Wldp.dll
0x00007ffddbf10000 - 0x00007ffddbfbd000 	C:\WINDOWS\System32\SHCORE.dll
0x00007ffddbfc0000 - 0x00007ffddc015000 	C:\WINDOWS\System32\shlwapi.dll
0x00007ffdda5c0000 - 0x00007ffdda5df000 	C:\WINDOWS\SYSTEM32\profapi.dll
0x00007ffdaf000000 - 0x00007ffdaf019000 	C:\Program Files\Java\jdk-15.0.1\bin\net.dll
0x00007ffdd4de0000 - 0x00007ffdd4eec000 	C:\WINDOWS\SYSTEM32\WINHTTP.dll
0x00007ffdd9d60000 - 0x00007ffdd9dca000 	C:\WINDOWS\system32\mswsock.dll
0x00007ffdac0c0000 - 0x00007ffdac0d2000 	C:\Program Files\Java\jdk-15.0.1\bin\nio.dll
0x00007ffdac0a0000 - 0x00007ffdac0b8000 	C:\Program Files\Java\jdk-15.0.1\bin\zip.dll
0x000000006e700000 - 0x000000006e72a000 	C:\Users\Irek\AppData\Local\Temp\libgdxIrek\e1cd32f8\gdx64.dll
0x00007ffdb31c0000 - 0x00007ffdb31d0000 	C:\Program Files\Java\jdk-15.0.1\bin\verify.dll
0x0000000180000000 - 0x0000000180053000 	C:\Users\Irek\AppData\Local\Temp\libgdxIrek\1cecf4f6\lwjgl64.dll
0x00007ffdb7400000 - 0x00007ffdb7525000 	C:\WINDOWS\SYSTEM32\OPENGL32.dll
0x00007ffdce5a0000 - 0x00007ffdce5cc000 	C:\WINDOWS\SYSTEM32\GLU32.dll
0x00000257ef5f0000 - 0x00000257ef654000 	C:\Users\Irek\AppData\Local\Temp\libgdxIrek\1cecf4f6\OpenAL64.dll
0x00007ffddc290000 - 0x00007ffddc3ba000 	C:\WINDOWS\System32\ole32.dll
0x00007ffdd7c60000 - 0x00007ffdd7cfe000 	C:\WINDOWS\system32\uxtheme.dll
0x00007ffddc3c0000 - 0x00007ffddc46f000 	C:\WINDOWS\System32\clbcatq.dll
0x00007ffdb35c0000 - 0x00007ffdb365c000 	C:\WINDOWS\SYSTEM32\dsound.dll
0x00007ffdda440000 - 0x00007ffdda48b000 	C:\WINDOWS\SYSTEM32\powrprof.dll
0x00007ffdae6e0000 - 0x00007ffdae706000 	C:\WINDOWS\SYSTEM32\winmmbase.dll
0x00007ffdda220000 - 0x00007ffdda232000 	C:\WINDOWS\SYSTEM32\UMPDC.dll
0x00007ffdd0ff0000 - 0x00007ffdd1075000 	C:\WINDOWS\System32\MMDevApi.dll
0x00007ffdda3e0000 - 0x00007ffdda40c000 	C:\WINDOWS\System32\DEVOBJ.dll
0x00007ffdda730000 - 0x00007ffdda77e000 	C:\WINDOWS\System32\cfgmgr32.dll
0x00007ffdd10e0000 - 0x00007ffdd1262000 	C:\WINDOWS\SYSTEM32\AUDIOSES.DLL
0x00007ffddbe40000 - 0x00007ffddbf0d000 	C:\WINDOWS\System32\OLEAUT32.dll
0x00007ffdd7b90000 - 0x00007ffdd7ba4000 	C:\WINDOWS\SYSTEM32\resourcepolicyclient.dll
0x00007ffdd55d0000 - 0x00007ffdd567e000 	C:\WINDOWS\SYSTEM32\mscms.dll
0x00007ffdda540000 - 0x00007ffdda56e000 	C:\WINDOWS\SYSTEM32\USERENV.dll
0x00007ffdd4ef0000 - 0x00007ffdd4f01000 	C:\WINDOWS\SYSTEM32\ColorAdapterClient.dll
0x00007ffdbf890000 - 0x00007ffdbf8d3000 	C:\Windows\System32\Windows.Internal.Graphics.Display.DisplayColorManagement.dll
0x00007ffddb4a0000 - 0x00007ffddb5b5000 	C:\WINDOWS\System32\MSCTF.dll
0x00007ffdc19c0000 - 0x00007ffdc1ab9000 	C:\WINDOWS\SYSTEM32\textinputframework.dll
0x00007ffdd7580000 - 0x00007ffdd78de000 	C:\WINDOWS\System32\CoreUIComponents.dll
0x00007ffdd7300000 - 0x00007ffdd73f2000 	C:\WINDOWS\System32\CoreMessaging.dll
0x00007ffdd9730000 - 0x00007ffdd9763000 	C:\WINDOWS\SYSTEM32\ntmarta.dll
0x00007ffdd6bc0000 - 0x00007ffdd6d14000 	C:\WINDOWS\SYSTEM32\wintypes.dll
0x00007ffdd3900000 - 0x00007ffdd39f7000 	C:\Windows\System32\AppXDeploymentClient.dll
0x00007ffd975d0000 - 0x00007ffd9848f000 	C:\WINDOWS\System32\DriverStore\FileRepository\ki127176.inf_amd64_86c658cabfb17c9c\ig9icd64.dll
0x00007ffdd8f00000 - 0x00007ffdd8ff3000 	C:\WINDOWS\SYSTEM32\dxgi.dll
0x00007ffdd9000000 - 0x00007ffdd9014000 	C:\WINDOWS\SYSTEM32\WTSAPI32.dll
0x00007ffdd7f70000 - 0x00007ffdd7f9f000 	C:\WINDOWS\SYSTEM32\dwmapi.dll
0x00007ffdbf910000 - 0x00007ffdbf94b000 	C:\WINDOWS\SYSTEM32\dxcore.dll
0x00007ffdc0e50000 - 0x00007ffdc0e93000 	C:\WINDOWS\SYSTEM32\icm32.dll
0x00007ffdbbaa0000 - 0x00007ffdbd835000 	C:\WINDOWS\System32\DriverStore\FileRepository\ki127176.inf_amd64_86c658cabfb17c9c\igc64.dll
0x000000006fb00000 - 0x000000006fff3000 	C:\Users\Irek\AppData\Local\Temp\libgdxIrek\228b2c81\gdx-bullet64.dll

dbghelp: loaded successfully - version: 4.0.5 - missing functions: none
symbol engine: initialized successfully - sym options: 0x614 - pdb path: .;C:\Program Files\Java\jdk-15.0.1\bin;C:\WINDOWS\SYSTEM32;C:\WINDOWS\WinSxS\amd64_microsoft.windows.common-controls_6595b64144ccf1df_6.0.19041.1110_none_60b5254171f9507e;C:\Program Files\Java\jdk-15.0.1\bin\server;C:\Users\Irek\AppData\Local\Temp\libgdxIrek\e1cd32f8;C:\Users\Irek\AppData\Local\Temp\libgdxIrek\1cecf4f6;C:\WINDOWS\System32\DriverStore\FileRepository\ki127176.inf_amd64_86c658cabfb17c9c;C:\Users\Irek\AppData\Local\Temp\libgdxIrek\228b2c81

VM Arguments:
jvm_args: -Dfile.encoding=windows-1250 -Duser.country=PL -Duser.language=pl -Duser.variant 
java_command: com.mygdx.game.desktop.DesktopLauncher
java_class_path (initial): C:\Users\Irek\Desktop\libgdxgames\Budlo\desktop\build\classes\java\main;C:\Users\Irek\Desktop\libgdxgames\Budlo\desktop\build\resources\main;C:\Users\Irek\.gradle\caches\modules-2\files-2.1\com.badlogicgames.gdx\gdx-backend-lwjgl\1.10.0\58ff89d9e4fd8a82591367f187d606e781cacc05\gdx-backend-lwjgl-1.10.0.jar;C:\Users\Irek\.gradle\caches\modules-2\files-2.1\com.badlogicgames.gdx\gdx-platform\1.10.0\9a8fa793d2fd6d360afc6c9e4c1f5583da263b88\gdx-platform-1.10.0-natives-desktop.jar;C:\Users\Irek\.gradle\caches\modules-2\files-2.1\com.badlogicgames.gdx\gdx-bullet-platform\1.10.0\ce92e8dfc762523d769cbc50853163c03bf98cf1\gdx-bullet-platform-1.10.0-natives-desktop.jar;C:\Users\Irek\.gradle\caches\modules-2\files-2.1\com.badlogicgames.gdx\gdx-freetype-platform\1.10.0\6e5d28752759e69384f12e4569d2c884ff71352f\gdx-freetype-platform-1.10.0-natives-desktop.jar;C:\Users\Irek\Desktop\libgdxgames\Budlo\core\build\libs\core-1.0.jar;C:\Users\Irek\.gradle\caches\modules-2\files-2.1\com.badlogicgames.gdx\gdx-bullet\1.10.0\839b58c7278f5c3b55291c3a559d91227400ecdb\gdx-bullet-1.10.0.jar;C:\Users\Irek\.gradle\caches\modules-2\files-2.1\com.badlogicgames.gdx\gdx-freetype\1.10.0\de1d0d5c1e92e8d91364256fd6b7bb279d3e9859\gdx-freetype-1.10.0.jar;C:\Users\Irek\.gradle\caches\modules-2\files-2.1\com.badlogicgames.gdx\gdx\1.10.0\74c240f79dc4fb6b766a834249600d0a019d0489\gdx-1.10.0.jar;C:\Users\Irek\.gradle\caches\modules-2\files-2.1\org.lwjgl.lwjgl\lwjgl_util\2.9.3\751f06b62424da056954c67288fd5c494431e350\lwjgl_util-2.9.3.jar;C:\Users\Irek\.gradle\caches\modules-2\files-2.1\org.lwjgl.lwjgl\lwjgl\2.9.3\3df168ac74e4a8c96562cdff24ad352e255bf89c\lwjgl-2.9.3.jar;C:\Users\Irek\.gradle\caches\modules-2\files-2.1\com.badlogicgames.jlayer\jlayer\1.0.1-gdx\7cca83cec5c1b2f011362f4d85aabd71a73b049d\jlayer-1.0.1-gdx.jar;C:\Users\Irek\.gradle\caches\modules-2\files-2.1\org.jcraft\jorbis\0.0.17\8872d22b293e8f5d7d56ff92be966e6dc28ebdc6\jorbis-0.0.17.jar;C:\Users\Irek\.gradle\caches\modules-
Launcher Type: SUN_STANDARD

[Global flags]
     intx CICompilerCount                          = 3                                         {product} {ergonomic}
     uint ConcGCThreads                            = 1                                         {product} {ergonomic}
     uint G1ConcRefinementThreads                  = 4                                         {product} {ergonomic}
   size_t G1HeapRegionSize                         = 1048576                                   {product} {ergonomic}
    uintx GCDrainStackTargetSize                   = 64                                        {product} {ergonomic}
   size_t InitialHeapSize                          = 132120576                                 {product} {ergonomic}
   size_t MarkStackSize                            = 4194304                                   {product} {ergonomic}
   size_t MaxHeapSize                              = 2113929216                                {product} {ergonomic}
   size_t MaxNewSize                               = 1267728384                                {product} {ergonomic}
   size_t MinHeapDeltaBytes                        = 1048576                                   {product} {ergonomic}
   size_t MinHeapSize                              = 8388608                                   {product} {ergonomic}
    uintx NonNMethodCodeHeapSize                   = 5832780                                {pd product} {ergonomic}
    uintx NonProfiledCodeHeapSize                  = 122912730                              {pd product} {ergonomic}
    uintx ProfiledCodeHeapSize                     = 122912730                              {pd product} {ergonomic}
    uintx ReservedCodeCacheSize                    = 251658240                              {pd product} {ergonomic}
     bool SegmentedCodeCache                       = true                                      {product} {ergonomic}
   size_t SoftMaxHeapSize                          = 2113929216                             {manageable} {ergonomic}
     bool UseCompressedClassPointers               = true                                 {lp64_product} {ergonomic}
     bool UseCompressedOops                        = true                                 {lp64_product} {ergonomic}
     bool UseG1GC                                  = true                                      {product} {ergonomic}
     bool UseLargePagesIndividualAllocation        = false                                  {pd product} {ergonomic}

Logging:
Log output configuration:
 #0: stdout all=warning uptime,level,tags
 #1: stderr all=off uptime,level,tags

Environment Variables:
PATH=C:\ProgramData\Oracle\Java\javapath;C:\Program Files\Common Files\Oracle\Java\javapath;C:\Program Files (x86)\Intel\iCLS Client\;C:\Program Files\Intel\iCLS Client\;C:\Windows\system32;C:\Windows;C:\Windows\System32\Wbem;C:\Windows\System32\WindowsPowerShell\v1.0\;C:\Program Files (x86)\Intel\Intel(R) Management Engine Components\DAL;C:\Program Files\Intel\Intel(R) Management Engine Components\DAL;C:\Program Files (x86)\Intel\Intel(R) Management Engine Components\IPT;C:\Program Files\Intel\Intel(R) Management Engine Components\IPT;C:\Program Files (x86)\NVIDIA Corporation\PhysX\Common;C:\WINDOWS\system32;C:\WINDOWS;C:\WINDOWS\System32\Wbem;C:\WINDOWS\System32\WindowsPowerShell\v1.0\;C:\WINDOWS\System32\OpenSSH\;C:\Program Files\NVIDIA Corporation\NVIDIA NvDLISR;C:\WINDOWS\system32;C:\WINDOWS;C:\WINDOWS\System32\Wbem;C:\WINDOWS\System32\WindowsPowerShell\v1.0\;C:\WINDOWS\System32\OpenSSH\;C:\Program Files\Intel\WiFi\bin\;C:\Program Files\Common Files\Intel\WirelessCommon\;C:\Program Files\nodejs\;C:\Program Files\Git\cmd;C:\Program Files\mingw64\bin;C:\Users\Irek\AppData\Local\Microsoft\WindowsApps;;D:\Sphinx 4.0\;C:\Users\Irek\AppData\Local\Programs\Microsoft VS Code\bin;C:\Users\Irek\AppData\Roaming\npm
USERNAME=Irek
OS=Windows_NT
PROCESSOR_IDENTIFIER=Intel64 Family 6 Model 94 Stepping 3, GenuineIntel



---------------  S Y S T E M  ---------------

OS:
 Windows 10 , 64 bit Build 19041 (10.0.19041.2364)
OS uptime: 1 days 22:36 hours

CPU: total 4 (initial active 4) (4 cores per cpu, 1 threads per core) family 6 model 94 stepping 3 microcode 0xcc, cmov, cx8, fxsr, mmx, sse, sse2, sse3, ssse3, sse4.1, sse4.2, popcnt, vzeroupper, avx, avx2, aes, clmul, erms, rtm, 3dnowpref, lzcnt, tsc, tscinvbit, bmi1, bmi2, adx, fma, clflush, clflushopt

Memory: 4k page, system-wide physical 8060M (2736M free)
TotalPageFile size 9340M (AvailPageFile size 3931M)
current process WorkingSet (physical memory assigned to process): 179M, peak: 179M
current process commit charge ("private bytes"): 241M, peak: 241M

vm_info: Java HotSpot(TM) 64-Bit Server VM (15.0.1+9-18) for windows-amd64 JRE (15.0.1+9-18), built on Sep 15 2020 14:43:54 by "mach5one" with unknown MS VC++:1925

END.
